<?xml version="1.0" encoding="UTF-8"?>
<testng-results ignored="0" total="5" passed="5" failed="0" skipped="0">
  <reporter-output>
  </reporter-output>
  <suite started-at="2024-07-11T19:38:21 IST" name="Testing Sauce Labs" finished-at="2024-07-11T19:38:43 IST" duration-ms="22203">
    <groups>
    </groups>
    <test started-at="2024-07-11T19:38:21 IST" name="Regression" finished-at="2024-07-11T19:38:43 IST" duration-ms="22203">
      <class name="test.CheckoutOverviewtest">
        <test-method is-config="true" signature="setup()[pri:0, instance:test.CheckoutOverviewtest@65987993]" started-at="2024-07-11T19:38:29 IST" name="setup" finished-at="2024-07-11T19:38:33 IST" duration-ms="4024" status="PASS">
          <reporter-output>
          </reporter-output>
        </test-method> <!-- setup -->
        <test-method signature="validatecheckout()[pri:0, instance:test.CheckoutOverviewtest@65987993]" started-at="2024-07-11T19:38:33 IST" name="validatecheckout" finished-at="2024-07-11T19:38:35 IST" duration-ms="2264" status="PASS">
          <reporter-output>
          </reporter-output>
        </test-method> <!-- validatecheckout -->
        <test-method is-config="true" signature="teardown()[pri:0, instance:test.CheckoutOverviewtest@65987993]" started-at="2024-07-11T19:38:35 IST" name="teardown" finished-at="2024-07-11T19:38:40 IST" duration-ms="5552" status="PASS">
          <reporter-output>
          </reporter-output>
        </test-method> <!-- teardown -->
      </class> <!-- test.CheckoutOverviewtest -->
      <class name="test.Logintest">
        <test-method is-config="true" signature="setup()[pri:0, instance:test.Logintest@6c4906d3]" started-at="2024-07-11T19:38:23 IST" name="setup" finished-at="2024-07-11T19:38:27 IST" duration-ms="4692" status="PASS">
          <reporter-output>
          </reporter-output>
        </test-method> <!-- setup -->
        <test-method signature="validateLogin()[pri:0, instance:test.Logintest@6c4906d3]" started-at="2024-07-11T19:38:27 IST" name="validateLogin" finished-at="2024-07-11T19:38:28 IST" duration-ms="854" status="PASS">
          <reporter-output>
          </reporter-output>
        </test-method> <!-- validateLogin -->
        <test-method is-config="true" signature="teardown()[pri:0, instance:test.Logintest@6c4906d3]" started-at="2024-07-11T19:38:28 IST" name="teardown" finished-at="2024-07-11T19:38:29 IST" duration-ms="461" status="PASS">
          <reporter-output>
          </reporter-output>
        </test-method> <!-- teardown -->
      </class> <!-- test.Logintest -->
      <class name="test.AddToCarttest">
        <test-method is-config="true" signature="setup()[pri:0, instance:test.AddToCarttest@4d0d9fe7]" started-at="2024-07-11T19:38:13 IST" name="setup" finished-at="2024-07-11T19:38:21 IST" duration-ms="8106" status="PASS">
          <reporter-output>
          </reporter-output>
        </test-method> <!-- setup -->
        <test-method signature="validateCartValueShown()[pri:1, instance:test.AddToCarttest@4d0d9fe7]" started-at="2024-07-11T19:38:21 IST" name="validateCartValueShown" finished-at="2024-07-11T19:38:22 IST" duration-ms="1031" status="PASS">
          <reporter-output>
          </reporter-output>
        </test-method> <!-- validateCartValueShown -->
        <test-method signature="validateYourCartPage()[pri:2, instance:test.AddToCarttest@4d0d9fe7]" started-at="2024-07-11T19:38:22 IST" name="validateYourCartPage" finished-at="2024-07-11T19:38:22 IST" depends-on-methods="test.AddToCarttest.validateCartValueShown" duration-ms="171" status="PASS">
          <reporter-output>
          </reporter-output>
        </test-method> <!-- validateYourCartPage -->
        <test-method signature="validateUserInformationPage()[pri:3, instance:test.AddToCarttest@4d0d9fe7]" started-at="2024-07-11T19:38:22 IST" name="validateUserInformationPage" finished-at="2024-07-11T19:38:23 IST" depends-on-methods="test.AddToCarttest.validateYourCartPage" duration-ms="303" status="PASS">
          <reporter-output>
          </reporter-output>
        </test-method> <!-- validateUserInformationPage -->
        <test-method is-config="true" signature="teardown2()[pri:0, instance:test.AddToCarttest@4d0d9fe7]" started-at="2024-07-11T19:38:40 IST" name="teardown2" finished-at="2024-07-11T19:38:43 IST" duration-ms="2728" status="FAIL">
          <exception class="java.lang.StackOverflowError">
            <full-stacktrace>
              <![CDATA[java.lang.StackOverflowError
at java.base/java.io.OutputStreamWriter.write(OutputStreamWriter.java:205)
at java.base/java.io.BufferedWriter.flushBuffer(BufferedWriter.java:120)
at java.base/java.io.PrintStream.writeln(PrintStream.java:722)
at java.base/java.io.PrintStream.println(PrintStream.java:1028)
at utility.WebEventListener.onException(WebEventListener.java:74)
at jdk.internal.reflect.GeneratedMethodAccessor9.invoke(Unknown Source)
at java.base/jdk.internal.reflect.DelegatingMethodAccessorImpl.invoke(DelegatingMethodAccessorImpl.java:43)
at java.base/java.lang.reflect.Method.invoke(Method.java:568)
at org.openqa.selenium.support.events.EventFiringWebDriver.lambda$new$0(EventFiringWebDriver.java:85)
at jdk.proxy2/jdk.proxy2.$Proxy16.onException(Unknown Source)
at org.openqa.selenium.support.events.EventFiringWebDriver.lambda$new$1(EventFiringWebDriver.java:109)
at jdk.proxy2/jdk.proxy2.$Proxy17.getScreenshotAs(Unknown Source)
at org.openqa.selenium.support.events.EventFiringWebDriver.getScreenshotAs(EventFiringWebDriver.java:301)
at utility.TestUtil.takeScreenshotAtEndOfTest(TestUtil.java:30)
at utility.WebEventListener.onException(WebEventListener.java:76)
at jdk.internal.reflect.GeneratedMethodAccessor9.invoke(Unknown Source)
at java.base/jdk.internal.reflect.DelegatingMethodAccessorImpl.invoke(DelegatingMethodAccessorImpl.java:43)
at java.base/java.lang.reflect.Method.invoke(Method.java:568)
at org.openqa.selenium.support.events.EventFiringWebDriver.lambda$new$0(EventFiringWebDriver.java:85)
at jdk.proxy2/jdk.proxy2.$Proxy16.onException(Unknown Source)
at org.openqa.selenium.support.events.EventFiringWebDriver.lambda$new$1(EventFiringWebDriver.java:109)
at jdk.proxy2/jdk.proxy2.$Proxy17.getScreenshotAs(Unknown Source)
at org.openqa.selenium.support.events.EventFiringWebDriver.getScreenshotAs(EventFiringWebDriver.java:301)
at utility.TestUtil.takeScreenshotAtEndOfTest(TestUtil.java:30)
at utility.WebEventListener.onException(WebEventListener.java:76)
at jdk.internal.reflect.GeneratedMethodAccessor9.invoke(Unknown Source)
at java.base/jdk.internal.reflect.DelegatingMethodAccessorImpl.invoke(DelegatingMethodAccessorImpl.java:43)
at java.base/java.lang.reflect.Method.invoke(Method.java:568)
at org.openqa.selenium.support.events.EventFiringWebDriver.lambda$new$0(EventFiringWebDriver.java:85)
at jdk.proxy2/jdk.proxy2.$Proxy16.onException(Unknown Source)
at org.openqa.selenium.support.events.EventFiringWebDriver.lambda$new$1(EventFiringWebDriver.java:109)
at jdk.proxy2/jdk.proxy2.$Proxy17.getScreenshotAs(Unknown Source)
at org.openqa.selenium.support.events.EventFiringWebDriver.getScreenshotAs(EventFiringWebDriver.java:301)
at utility.TestUtil.takeScreenshotAtEndOfTest(TestUtil.java:30)
at utility.WebEventListener.onException(WebEventListener.java:76)
at jdk.internal.reflect.GeneratedMethodAccessor9.invoke(Unknown Source)
at java.base/jdk.internal.reflect.DelegatingMethodAccessorImpl.invoke(DelegatingMethodAccessorImpl.java:43)
at java.base/java.lang.reflect.Method.invoke(Method.java:568)
at org.openqa.selenium.support.events.EventFiringWebDriver.lambda$new$0(EventFiringWebDriver.java:85)
at jdk.proxy2/jdk.proxy2.$Proxy16.onException(Unknown Source)
at org.openqa.selenium.support.events.EventFiringWebDriver.lambda$new$1(EventFiringWebDriver.java:109)
at jdk.proxy2/jdk.proxy2.$Proxy17.getScreenshotAs(Unknown Source)
at org.openqa.selenium.support.events.EventFiringWebDriver.getScreenshotAs(EventFiringWebDriver.java:301)
at utility.TestUtil.takeScreenshotAtEndOfTest(TestUtil.java:30)
at utility.WebEventListener.onException(WebEventListener.java:76)
at jdk.internal.reflect.GeneratedMethodAccessor9.invoke(Unknown Source)
at java.base/jdk.internal.reflect.DelegatingMethodAccessorImpl.invoke(DelegatingMethodAccessorImpl.java:43)
at java.base/java.lang.reflect.Method.invoke(Method.java:568)
at org.openqa.selenium.support.events.EventFiringWebDriver.lambda$new$0(EventFiringWebDriver.java:85)
at jdk.proxy2/jdk.proxy2.$Proxy16.onException(Unknown Source)
at org.openqa.selenium.support.events.EventFiringWebDriver.lambda$new$1(EventFiringWebDriver.java:109)
at jdk.proxy2/jdk.proxy2.$Proxy17.getScreenshotAs(Unknown Source)
at org.openqa.selenium.support.events.EventFiringWebDriver.getScreenshotAs(EventFiringWebDriver.java:301)
at utility.TestUtil.takeScreenshotAtEndOfTest(TestUtil.java:30)
at utility.WebEventListener.onException(WebEventListener.java:76)
at jdk.internal.reflect.GeneratedMethodAccessor9.invoke(Unknown Source)
at java.base/jdk.internal.reflect.DelegatingMethodAccessorImpl.invoke(DelegatingMethodAccessorImpl.java:43)
at java.base/java.lang.reflect.Method.invoke(Method.java:568)
at org.openqa.selenium.support.events.EventFiringWebDriver.lambda$new$0(EventFiringWebDriver.java:85)
at jdk.proxy2/jdk.proxy2.$Proxy16.onException(Unknown Source)
at org.openqa.selenium.support.events.EventFiringWebDriver.lambda$new$1(EventFiringWebDriver.java:109)
at jdk.proxy2/jdk.proxy2.$Proxy17.getScreenshotAs(Unknown Source)
at org.openqa.selenium.support.events.EventFiringWebDriver.getScreenshotAs(EventFiringWebDriver.java:301)
at utility.TestUtil.takeScreenshotAtEndOfTest(TestUtil.java:30)
at utility.WebEventListener.onException(WebEventListener.java:76)
at jdk.internal.reflect.GeneratedMethodAccessor9.invoke(Unknown Source)
at java.base/jdk.internal.reflect.DelegatingMethodAccessorImpl.invoke(DelegatingMethodAccessorImpl.java:43)
at java.base/java.lang.reflect.Method.invoke(Method.java:568)
at org.openqa.selenium.support.events.EventFiringWebDriver.lambda$new$0(EventFiringWebDriver.java:85)
at jdk.proxy2/jdk.proxy2.$Proxy16.onException(Unknown Source)
at org.openqa.selenium.support.events.EventFiringWebDriver.lambda$new$1(EventFiringWebDriver.java:109)
at jdk.proxy2/jdk.proxy2.$Proxy17.getScreenshotAs(Unknown Source)
at org.openqa.selenium.support.events.EventFiringWebDriver.getScreenshotAs(EventFiringWebDriver.java:301)
at utility.TestUtil.takeScreenshotAtEndOfTest(TestUtil.java:30)
at utility.WebEventListener.onException(WebEventListener.java:76)
at jdk.internal.reflect.GeneratedMethodAccessor9.invoke(Unknown Source)
at java.base/jdk.internal.reflect.DelegatingMethodAccessorImpl.invoke(DelegatingMethodAccessorImpl.java:43)
at java.base/java.lang.reflect.Method.invoke(Method.java:568)
at org.openqa.selenium.support.events.EventFiringWebDriver.lambda$new$0(EventFiringWebDriver.java:85)
at jdk.proxy2/jdk.proxy2.$Proxy16.onException(Unknown Source)
at org.openqa.selenium.support.events.EventFiringWebDriver.lambda$new$1(EventFiringWebDriver.java:109)
at jdk.proxy2/jdk.proxy2.$Proxy17.getScreenshotAs(Unknown Source)
at org.openqa.selenium.support.events.EventFiringWebDriver.getScreenshotAs(EventFiringWebDriver.java:301)
at utility.TestUtil.takeScreenshotAtEndOfTest(TestUtil.java:30)
at utility.WebEventListener.onException(WebEventListener.java:76)
at jdk.internal.reflect.GeneratedMethodAccessor9.invoke(Unknown Source)
at java.base/jdk.internal.reflect.DelegatingMethodAccessorImpl.invoke(DelegatingMethodAccessorImpl.java:43)
at java.base/java.lang.reflect.Method.invoke(Method.java:568)
at org.openqa.selenium.support.events.EventFiringWebDriver.lambda$new$0(EventFiringWebDriver.java:85)
at jdk.proxy2/jdk.proxy2.$Proxy16.onException(Unknown Source)
at org.openqa.selenium.support.events.EventFiringWebDriver.lambda$new$1(EventFiringWebDriver.java:109)
at jdk.proxy2/jdk.proxy2.$Proxy17.getScreenshotAs(Unknown Source)
at org.openqa.selenium.support.events.EventFiringWebDriver.getScreenshotAs(EventFiringWebDriver.java:301)
at utility.TestUtil.takeScreenshotAtEndOfTest(TestUtil.java:30)
at utility.WebEventListener.onException(WebEventListener.java:76)
at jdk.internal.reflect.GeneratedMethodAccessor9.invoke(Unknown Source)
at java.base/jdk.internal.reflect.DelegatingMethodAccessorImpl.invoke(DelegatingMethodAccessorImpl.java:43)
at java.base/java.lang.reflect.Method.invoke(Method.java:568)
at org.openqa.selenium.support.events.EventFiringWebDriver.lambda$new$0(EventFiringWebDriver.java:85)
at jdk.proxy2/jdk.proxy2.$Proxy16.onException(Unknown Source)
at org.openqa.selenium.support.events.EventFiringWebDriver.lambda$new$1(EventFiringWebDriver.java:109)
at jdk.proxy2/jdk.proxy2.$Proxy17.getScreenshotAs(Unknown Source)
at org.openqa.selenium.support.events.EventFiringWebDriver.getScreenshotAs(EventFiringWebDriver.java:301)
at utility.TestUtil.takeScreenshotAtEndOfTest(TestUtil.java:30)
at utility.WebEventListener.onException(WebEventListener.java:76)
at jdk.internal.reflect.GeneratedMethodAccessor9.invoke(Unknown Source)
at java.base/jdk.internal.reflect.DelegatingMethodAccessorImpl.invoke(DelegatingMethodAccessorImpl.java:43)
at java.base/java.lang.reflect.Method.invoke(Method.java:568)
at org.openqa.selenium.support.events.EventFiringWebDriver.lambda$new$0(EventFiringWebDriver.java:85)
at jdk.proxy2/jdk.proxy2.$Proxy16.onException(Unknown Source)
at org.openqa.selenium.support.events.EventFiringWebDriver.lambda$new$1(EventFiringWebDriver.java:109)
at jdk.proxy2/jdk.proxy2.$Proxy17.getScreenshotAs(Unknown Source)
at org.openqa.selenium.support.events.EventFiringWebDriver.getScreenshotAs(EventFiringWebDriver.java:301)
at utility.TestUtil.takeScreenshotAtEndOfTest(TestUtil.java:30)
at utility.WebEventListener.onException(WebEventListener.java:76)
at jdk.internal.reflect.GeneratedMethodAccessor9.invoke(Unknown Source)
at java.base/jdk.internal.reflect.DelegatingMethodAccessorImpl.invoke(DelegatingMethodAccessorImpl.java:43)
at java.base/java.lang.reflect.Method.invoke(Method.java:568)
at org.openqa.selenium.support.events.EventFiringWebDriver.lambda$new$0(EventFiringWebDriver.java:85)
at jdk.proxy2/jdk.proxy2.$Proxy16.onException(Unknown Source)
at org.openqa.selenium.support.events.EventFiringWebDriver.lambda$new$1(EventFiringWebDriver.java:109)
at jdk.proxy2/jdk.proxy2.$Proxy17.getScreenshotAs(Unknown Source)
at org.openqa.selenium.support.events.EventFiringWebDriver.getScreenshotAs(EventFiringWebDriver.java:301)
at utility.TestUtil.takeScreenshotAtEndOfTest(TestUtil.java:30)
at utility.WebEventListener.onException(WebEventListener.java:76)
at jdk.internal.reflect.GeneratedMethodAccessor9.invoke(Unknown Source)
at java.base/jdk.internal.reflect.DelegatingMethodAccessorImpl.invoke(DelegatingMethodAccessorImpl.java:43)
at java.base/java.lang.reflect.Method.invoke(Method.java:568)
at org.openqa.selenium.support.events.EventFiringWebDriver.lambda$new$0(EventFiringWebDriver.java:85)
at jdk.proxy2/jdk.proxy2.$Proxy16.onException(Unknown Source)
at org.openqa.selenium.support.events.EventFiringWebDriver.lambda$new$1(EventFiringWebDriver.java:109)
at jdk.proxy2/jdk.proxy2.$Proxy17.getScreenshotAs(Unknown Source)
at org.openqa.selenium.support.events.EventFiringWebDriver.getScreenshotAs(EventFiringWebDriver.java:301)
at utility.TestUtil.takeScreenshotAtEndOfTest(TestUtil.java:30)
at utility.WebEventListener.onException(WebEventListener.java:76)
at jdk.internal.reflect.GeneratedMethodAccessor9.invoke(Unknown Source)
at java.base/jdk.internal.reflect.DelegatingMethodAccessorImpl.invoke(DelegatingMethodAccessorImpl.java:43)
at java.base/java.lang.reflect.Method.invoke(Method.java:568)
at org.openqa.selenium.support.events.EventFiringWebDriver.lambda$new$0(EventFiringWebDriver.java:85)
at jdk.proxy2/jdk.proxy2.$Proxy16.onException(Unknown Source)
at org.openqa.selenium.support.events.EventFiringWebDriver.lambda$new$1(EventFiringWebDriver.java:109)
at jdk.proxy2/jdk.proxy2.$Proxy17.getScreenshotAs(Unknown Source)
at org.openqa.selenium.support.events.EventFiringWebDriver.getScreenshotAs(EventFiringWebDriver.java:301)
at utility.TestUtil.takeScreenshotAtEndOfTest(TestUtil.java:30)
at utility.WebEventListener.onException(WebEventListener.java:76)
at jdk.internal.reflect.GeneratedMethodAccessor9.invoke(Unknown Source)
at java.base/jdk.internal.reflect.DelegatingMethodAccessorImpl.invoke(DelegatingMethodAccessorImpl.java:43)
at java.base/java.lang.reflect.Method.invoke(Method.java:568)
at org.openqa.selenium.support.events.EventFiringWebDriver.lambda$new$0(EventFiringWebDriver.java:85)
at jdk.proxy2/jdk.proxy2.$Proxy16.onException(Unknown Source)
at org.openqa.selenium.support.events.EventFiringWebDriver.lambda$new$1(EventFiringWebDriver.java:109)
at jdk.proxy2/jdk.proxy2.$Proxy17.getScreenshotAs(Unknown Source)
at org.openqa.selenium.support.events.EventFiringWebDriver.getScreenshotAs(EventFiringWebDriver.java:301)
at utility.TestUtil.takeScreenshotAtEndOfTest(TestUtil.java:30)
at utility.WebEventListener.onException(WebEventListener.java:76)
at jdk.internal.reflect.GeneratedMethodAccessor9.invoke(Unknown Source)
at java.base/jdk.internal.reflect.DelegatingMethodAccessorImpl.invoke(DelegatingMethodAccessorImpl.java:43)
at java.base/java.lang.reflect.Method.invoke(Method.java:568)
at org.openqa.selenium.support.events.EventFiringWebDriver.lambda$new$0(EventFiringWebDriver.java:85)
at jdk.proxy2/jdk.proxy2.$Proxy16.onException(Unknown Source)
at org.openqa.selenium.support.events.EventFiringWebDriver.lambda$new$1(EventFiringWebDriver.java:109)
at jdk.proxy2/jdk.proxy2.$Proxy17.getScreenshotAs(Unknown Source)
at org.openqa.selenium.support.events.EventFiringWebDriver.getScreenshotAs(EventFiringWebDriver.java:301)
at utility.TestUtil.takeScreenshotAtEndOfTest(TestUtil.java:30)
at utility.WebEventListener.onException(WebEventListener.java:76)
at jdk.internal.reflect.GeneratedMethodAccessor9.invoke(Unknown Source)
at java.base/jdk.internal.reflect.DelegatingMethodAccessorImpl.invoke(DelegatingMethodAccessorImpl.java:43)
at java.base/java.lang.reflect.Method.invoke(Method.java:568)
at org.openqa.selenium.support.events.EventFiringWebDriver.lambda$new$0(EventFiringWebDriver.java:85)
at jdk.proxy2/jdk.proxy2.$Proxy16.onException(Unknown Source)
at org.openqa.selenium.support.events.EventFiringWebDriver.lambda$new$1(EventFiringWebDriver.java:109)
at jdk.proxy2/jdk.proxy2.$Proxy17.getScreenshotAs(Unknown Source)
at org.openqa.selenium.support.events.EventFiringWebDriver.getScreenshotAs(EventFiringWebDriver.java:301)
at utility.TestUtil.takeScreenshotAtEndOfTest(TestUtil.java:30)
at utility.WebEventListener.onException(WebEventListener.java:76)
at jdk.internal.reflect.GeneratedMethodAccessor9.invoke(Unknown Source)
at java.base/jdk.internal.reflect.DelegatingMethodAccessorImpl.invoke(DelegatingMethodAccessorImpl.java:43)
at java.base/java.lang.reflect.Method.invoke(Method.java:568)
at org.openqa.selenium.support.events.EventFiringWebDriver.lambda$new$0(EventFiringWebDriver.java:85)
at jdk.proxy2/jdk.proxy2.$Proxy16.onException(Unknown Source)
at org.openqa.selenium.support.events.EventFiringWebDriver.lambda$new$1(EventFiringWebDriver.java:109)
at jdk.proxy2/jdk.proxy2.$Proxy17.getScreenshotAs(Unknown Source)
at org.openqa.selenium.support.events.EventFiringWebDriver.getScreenshotAs(EventFiringWebDriver.java:301)
at utility.TestUtil.takeScreenshotAtEndOfTest(TestUtil.java:30)
at utility.WebEventListener.onException(WebEventListener.java:76)
at jdk.internal.reflect.GeneratedMethodAccessor9.invoke(Unknown Source)
at java.base/jdk.internal.reflect.DelegatingMethodAccessorImpl.invoke(DelegatingMethodAccessorImpl.java:43)
at java.base/java.lang.reflect.Method.invoke(Method.java:568)
at org.openqa.selenium.support.events.EventFiringWebDriver.lambda$new$0(EventFiringWebDriver.java:85)
at jdk.proxy2/jdk.proxy2.$Proxy16.onException(Unknown Source)
at org.openqa.selenium.support.events.EventFiringWebDriver.lambda$new$1(EventFiringWebDriver.java:109)
at jdk.proxy2/jdk.proxy2.$Proxy17.getScreenshotAs(Unknown Source)
at org.openqa.selenium.support.events.EventFiringWebDriver.getScreenshotAs(EventFiringWebDriver.java:301)
at utility.TestUtil.takeScreenshotAtEndOfTest(TestUtil.java:30)
at utility.WebEventListener.onException(WebEventListener.java:76)
at jdk.internal.reflect.GeneratedMethodAccessor9.invoke(Unknown Source)
at java.base/jdk.internal.reflect.DelegatingMethodAccessorImpl.invoke(DelegatingMethodAccessorImpl.java:43)
at java.base/java.lang.reflect.Method.invoke(Method.java:568)
at org.openqa.selenium.support.events.EventFiringWebDriver.lambda$new$0(EventFiringWebDriver.java:85)
at jdk.proxy2/jdk.proxy2.$Proxy16.onException(Unknown Source)
at org.openqa.selenium.support.events.EventFiringWebDriver.lambda$new$1(EventFiringWebDriver.java:109)
at jdk.proxy2/jdk.proxy2.$Proxy17.getScreenshotAs(Unknown Source)
at org.openqa.selenium.support.events.EventFiringWebDriver.getScreenshotAs(EventFiringWebDriver.java:301)
at utility.TestUtil.takeScreenshotAtEndOfTest(TestUtil.java:30)
at utility.WebEventListener.onException(WebEventListener.java:76)
at jdk.internal.reflect.GeneratedMethodAccessor9.invoke(Unknown Source)
at java.base/jdk.internal.reflect.DelegatingMethodAccessorImpl.invoke(DelegatingMethodAccessorImpl.java:43)
at java.base/java.lang.reflect.Method.invoke(Method.java:568)
at org.openqa.selenium.support.events.EventFiringWebDriver.lambda$new$0(EventFiringWebDriver.java:85)
at jdk.proxy2/jdk.proxy2.$Proxy16.onException(Unknown Source)
at org.openqa.selenium.support.events.EventFiringWebDriver.lambda$new$1(EventFiringWebDriver.java:109)
at jdk.proxy2/jdk.proxy2.$Proxy17.getScreenshotAs(Unknown Source)
at org.openqa.selenium.support.events.EventFiringWebDriver.getScreenshotAs(EventFiringWebDriver.java:301)
at utility.TestUtil.takeScreenshotAtEndOfTest(TestUtil.java:30)
at utility.WebEventListener.onException(WebEventListener.java:76)
at jdk.internal.reflect.GeneratedMethodAccessor9.invoke(Unknown Source)
at java.base/jdk.internal.reflect.DelegatingMethodAccessorImpl.invoke(DelegatingMethodAccessorImpl.java:43)
at java.base/java.lang.reflect.Method.invoke(Method.java:568)
at org.openqa.selenium.support.events.EventFiringWebDriver.lambda$new$0(EventFiringWebDriver.java:85)
at jdk.proxy2/jdk.proxy2.$Proxy16.onException(Unknown Source)
at org.openqa.selenium.support.events.EventFiringWebDriver.lambda$new$1(EventFiringWebDriver.java:109)
at jdk.proxy2/jdk.proxy2.$Proxy17.getScreenshotAs(Unknown Source)
at org.openqa.selenium.support.events.EventFiringWebDriver.getScreenshotAs(EventFiringWebDriver.java:301)
at utility.TestUtil.takeScreenshotAtEndOfTest(TestUtil.java:30)
at utility.WebEventListener.onException(WebEventListener.java:76)
at jdk.internal.reflect.GeneratedMethodAccessor9.invoke(Unknown Source)
at java.base/jdk.internal.reflect.DelegatingMethodAccessorImpl.invoke(DelegatingMethodAccessorImpl.java:43)
at java.base/java.lang.reflect.Method.invoke(Method.java:568)
at org.openqa.selenium.support.events.EventFiringWebDriver.lambda$new$0(EventFiringWebDriver.java:85)
at jdk.proxy2/jdk.proxy2.$Proxy16.onException(Unknown Source)
at org.openqa.selenium.support.events.EventFiringWebDriver.lambda$new$1(EventFiringWebDriver.java:109)
at jdk.proxy2/jdk.proxy2.$Proxy17.getScreenshotAs(Unknown Source)
at org.openqa.selenium.support.events.EventFiringWebDriver.getScreenshotAs(EventFiringWebDriver.java:301)
at utility.TestUtil.takeScreenshotAtEndOfTest(TestUtil.java:30)
at utility.WebEventListener.onException(WebEventListener.java:76)
at jdk.internal.reflect.GeneratedMethodAccessor9.invoke(Unknown Source)
at java.base/jdk.internal.reflect.DelegatingMethodAccessorImpl.invoke(DelegatingMethodAccessorImpl.java:43)
at java.base/java.lang.reflect.Method.invoke(Method.java:568)
at org.openqa.selenium.support.events.EventFiringWebDriver.lambda$new$0(EventFiringWebDriver.java:85)
at jdk.proxy2/jdk.proxy2.$Proxy16.onException(Unknown Source)
at org.openqa.selenium.support.events.EventFiringWebDriver.lambda$new$1(EventFiringWebDriver.java:109)
at jdk.proxy2/jdk.proxy2.$Proxy17.getScreenshotAs(Unknown Source)
at org.openqa.selenium.support.events.EventFiringWebDriver.getScreenshotAs(EventFiringWebDriver.java:301)
at utility.TestUtil.takeScreenshotAtEndOfTest(TestUtil.java:30)
at utility.WebEventListener.onException(WebEventListener.java:76)
at jdk.internal.reflect.GeneratedMethodAccessor9.invoke(Unknown Source)
at java.base/jdk.internal.reflect.DelegatingMethodAccessorImpl.invoke(DelegatingMethodAccessorImpl.java:43)
at java.base/java.lang.reflect.Method.invoke(Method.java:568)
at org.openqa.selenium.support.events.EventFiringWebDriver.lambda$new$0(EventFiringWebDriver.java:85)
at jdk.proxy2/jdk.proxy2.$Proxy16.onException(Unknown Source)
at org.openqa.selenium.support.events.EventFiringWebDriver.lambda$new$1(EventFiringWebDriver.java:109)
at jdk.proxy2/jdk.proxy2.$Proxy17.getScreenshotAs(Unknown Source)
at org.openqa.selenium.support.events.EventFiringWebDriver.getScreenshotAs(EventFiringWebDriver.java:301)
at utility.TestUtil.takeScreenshotAtEndOfTest(TestUtil.java:30)
at utility.WebEventListener.onException(WebEventListener.java:76)
at jdk.internal.reflect.GeneratedMethodAccessor9.invoke(Unknown Source)
at java.base/jdk.internal.reflect.DelegatingMethodAccessorImpl.invoke(DelegatingMethodAccessorImpl.java:43)
at java.base/java.lang.reflect.Method.invoke(Method.java:568)
at org.openqa.selenium.support.events.EventFiringWebDriver.lambda$new$0(EventFiringWebDriver.java:85)
at jdk.proxy2/jdk.proxy2.$Proxy16.onException(Unknown Source)
at org.openqa.selenium.support.events.EventFiringWebDriver.lambda$new$1(EventFiringWebDriver.java:109)
at jdk.proxy2/jdk.proxy2.$Proxy17.getScreenshotAs(Unknown Source)
at org.openqa.selenium.support.events.EventFiringWebDriver.getScreenshotAs(EventFiringWebDriver.java:301)
at utility.TestUtil.takeScreenshotAtEndOfTest(TestUtil.java:30)
at utility.WebEventListener.onException(WebEventListener.java:76)
at jdk.internal.reflect.GeneratedMethodAccessor9.invoke(Unknown Source)
at java.base/jdk.internal.reflect.DelegatingMethodAccessorImpl.invoke(DelegatingMethodAccessorImpl.java:43)
at java.base/java.lang.reflect.Method.invoke(Method.java:568)
at org.openqa.selenium.support.events.EventFiringWebDriver.lambda$new$0(EventFiringWebDriver.java:85)
at jdk.proxy2/jdk.proxy2.$Proxy16.onException(Unknown Source)
at org.openqa.selenium.support.events.EventFiringWebDriver.lambda$new$1(EventFiringWebDriver.java:109)
at jdk.proxy2/jdk.proxy2.$Proxy17.getScreenshotAs(Unknown Source)
at org.openqa.selenium.support.events.EventFiringWebDriver.getScreenshotAs(EventFiringWebDriver.java:301)
at utility.TestUtil.takeScreenshotAtEndOfTest(TestUtil.java:30)
at utility.WebEventListener.onException(WebEventListener.java:76)
at jdk.internal.reflect.GeneratedMethodAccessor9.invoke(Unknown Source)
at java.base/jdk.internal.reflect.DelegatingMethodAccessorImpl.invoke(DelegatingMethodAccessorImpl.java:43)
at java.base/java.lang.reflect.Method.invoke(Method.java:568)
at org.openqa.selenium.support.events.EventFiringWebDriver.lambda$new$0(EventFiringWebDriver.java:85)
at jdk.proxy2/jdk.proxy2.$Proxy16.onException(Unknown Source)
at org.openqa.selenium.support.events.EventFiringWebDriver.lambda$new$1(EventFiringWebDriver.java:109)
at jdk.proxy2/jdk.proxy2.$Proxy17.getScreenshotAs(Unknown Source)
at org.openqa.selenium.support.events.EventFiringWebDriver.getScreenshotAs(EventFiringWebDriver.java:301)
at utility.TestUtil.takeScreenshotAtEndOfTest(TestUtil.java:30)
at utility.WebEventListener.onException(WebEventListener.java:76)
at jdk.internal.reflect.GeneratedMethodAccessor9.invoke(Unknown Source)
at java.base/jdk.internal.reflect.DelegatingMethodAccessorImpl.invoke(DelegatingMethodAccessorImpl.java:43)
at java.base/java.lang.reflect.Method.invoke(Method.java:568)
at org.openqa.selenium.support.events.EventFiringWebDriver.lambda$new$0(EventFiringWebDriver.java:85)
at jdk.proxy2/jdk.proxy2.$Proxy16.onException(Unknown Source)
at org.openqa.selenium.support.events.EventFiringWebDriver.lambda$new$1(EventFiringWebDriver.java:109)
at jdk.proxy2/jdk.proxy2.$Proxy17.getScreenshotAs(Unknown Source)
at org.openqa.selenium.support.events.EventFiringWebDriver.getScreenshotAs(EventFiringWebDriver.java:301)
at utility.TestUtil.takeScreenshotAtEndOfTest(TestUtil.java:30)
at utility.WebEventListener.onException(WebEventListener.java:76)
at jdk.internal.reflect.GeneratedMethodAccessor9.invoke(Unknown Source)
at java.base/jdk.internal.reflect.DelegatingMethodAccessorImpl.invoke(DelegatingMethodAccessorImpl.java:43)
at java.base/java.lang.reflect.Method.invoke(Method.java:568)
at org.openqa.selenium.support.events.EventFiringWebDriver.lambda$new$0(EventFiringWebDriver.java:85)
at jdk.proxy2/jdk.proxy2.$Proxy16.onException(Unknown Source)
at org.openqa.selenium.support.events.EventFiringWebDriver.lambda$new$1(EventFiringWebDriver.java:109)
at jdk.proxy2/jdk.proxy2.$Proxy17.getScreenshotAs(Unknown Source)
at org.openqa.selenium.support.events.EventFiringWebDriver.getScreenshotAs(EventFiringWebDriver.java:301)
at utility.TestUtil.takeScreenshotAtEndOfTest(TestUtil.java:30)
at utility.WebEventListener.onException(WebEventListener.java:76)
at jdk.internal.reflect.GeneratedMethodAccessor9.invoke(Unknown Source)
at java.base/jdk.internal.reflect.DelegatingMethodAccessorImpl.invoke(DelegatingMethodAccessorImpl.java:43)
at java.base/java.lang.reflect.Method.invoke(Method.java:568)
at org.openqa.selenium.support.events.EventFiringWebDriver.lambda$new$0(EventFiringWebDriver.java:85)
at jdk.proxy2/jdk.proxy2.$Proxy16.onException(Unknown Source)
at org.openqa.selenium.support.events.EventFiringWebDriver.lambda$new$1(EventFiringWebDriver.java:109)
at jdk.proxy2/jdk.proxy2.$Proxy17.getScreenshotAs(Unknown Source)
at org.openqa.selenium.support.events.EventFiringWebDriver.getScreenshotAs(EventFiringWebDriver.java:301)
at utility.TestUtil.takeScreenshotAtEndOfTest(TestUtil.java:30)
at utility.WebEventListener.onException(WebEventListener.java:76)
at jdk.internal.reflect.GeneratedMethodAccessor9.invoke(Unknown Source)
at java.base/jdk.internal.reflect.DelegatingMethodAccessorImpl.invoke(DelegatingMethodAccessorImpl.java:43)
at java.base/java.lang.reflect.Method.invoke(Method.java:568)
at org.openqa.selenium.support.events.EventFiringWebDriver.lambda$new$0(EventFiringWebDriver.java:85)
at jdk.proxy2/jdk.proxy2.$Proxy16.onException(Unknown Source)
at org.openqa.selenium.support.events.EventFiringWebDriver.lambda$new$1(EventFiringWebDriver.java:109)
at jdk.proxy2/jdk.proxy2.$Proxy17.getScreenshotAs(Unknown Source)
at org.openqa.selenium.support.events.EventFiringWebDriver.getScreenshotAs(EventFiringWebDriver.java:301)
at utility.TestUtil.takeScreenshotAtEndOfTest(TestUtil.java:30)
at utility.WebEventListener.onException(WebEventListener.java:76)
at jdk.internal.reflect.GeneratedMethodAccessor9.invoke(Unknown Source)
at java.base/jdk.internal.reflect.DelegatingMethodAccessorImpl.invoke(DelegatingMethodAccessorImpl.java:43)
at java.base/java.lang.reflect.Method.invoke(Method.java:568)
at org.openqa.selenium.support.events.EventFiringWebDriver.lambda$new$0(EventFiringWebDriver.java:85)
at jdk.proxy2/jdk.proxy2.$Proxy16.onException(Unknown Source)
at org.openqa.selenium.support.events.EventFiringWebDriver.lambda$new$1(EventFiringWebDriver.java:109)
at jdk.proxy2/jdk.proxy2.$Proxy17.getScreenshotAs(Unknown Source)
at org.openqa.selenium.support.events.EventFiringWebDriver.getScreenshotAs(EventFiringWebDriver.java:301)
at utility.TestUtil.takeScreenshotAtEndOfTest(TestUtil.java:30)
at utility.WebEventListener.onException(WebEventListener.java:76)
at jdk.internal.reflect.GeneratedMethodAccessor9.invoke(Unknown Source)
at java.base/jdk.internal.reflect.DelegatingMethodAccessorImpl.invoke(DelegatingMethodAccessorImpl.java:43)
at java.base/java.lang.reflect.Method.invoke(Method.java:568)
at org.openqa.selenium.support.events.EventFiringWebDriver.lambda$new$0(EventFiringWebDriver.java:85)
at jdk.proxy2/jdk.proxy2.$Proxy16.onException(Unknown Source)
at org.openqa.selenium.support.events.EventFiringWebDriver.lambda$new$1(EventFiringWebDriver.java:109)
at jdk.proxy2/jdk.proxy2.$Proxy17.getScreenshotAs(Unknown Source)
at org.openqa.selenium.support.events.EventFiringWebDriver.getScreenshotAs(EventFiringWebDriver.java:301)
at utility.TestUtil.takeScreenshotAtEndOfTest(TestUtil.java:30)
at utility.WebEventListener.onException(WebEventListener.java:76)
at jdk.internal.reflect.GeneratedMethodAccessor9.invoke(Unknown Source)
at java.base/jdk.internal.reflect.DelegatingMethodAccessorImpl.invoke(DelegatingMethodAccessorImpl.java:43)
at java.base/java.lang.reflect.Method.invoke(Method.java:568)
at org.openqa.selenium.support.events.EventFiringWebDriver.lambda$new$0(EventFiringWebDriver.java:85)
at jdk.proxy2/jdk.proxy2.$Proxy16.onException(Unknown Source)
at org.openqa.selenium.support.events.EventFiringWebDriver.lambda$new$1(EventFiringWebDriver.java:109)
at jdk.proxy2/jdk.proxy2.$Proxy17.getScreenshotAs(Unknown Source)
at org.openqa.selenium.support.events.EventFiringWebDriver.getScreenshotAs(EventFiringWebDriver.java:301)
at utility.TestUtil.takeScreenshotAtEndOfTest(TestUtil.java:30)
at utility.WebEventListener.onException(WebEventListener.java:76)
at jdk.internal.reflect.GeneratedMethodAccessor9.invoke(Unknown Source)
at java.base/jdk.internal.reflect.DelegatingMethodAccessorImpl.invoke(DelegatingMethodAccessorImpl.java:43)
at java.base/java.lang.reflect.Method.invoke(Method.java:568)
at org.openqa.selenium.support.events.EventFiringWebDriver.lambda$new$0(EventFiringWebDriver.java:85)
at jdk.proxy2/jdk.proxy2.$Proxy16.onException(Unknown Source)
at org.openqa.selenium.support.events.EventFiringWebDriver.lambda$new$1(EventFiringWebDriver.java:109)
at jdk.proxy2/jdk.proxy2.$Proxy17.getScreenshotAs(Unknown Source)
at org.openqa.selenium.support.events.EventFiringWebDriver.getScreenshotAs(EventFiringWebDriver.java:301)
at utility.TestUtil.takeScreenshotAtEndOfTest(TestUtil.java:30)
at utility.WebEventListener.onException(WebEventListener.java:76)
at jdk.internal.reflect.GeneratedMethodAccessor9.invoke(Unknown Source)
at java.base/jdk.internal.reflect.DelegatingMethodAccessorImpl.invoke(DelegatingMethodAccessorImpl.java:43)
at java.base/java.lang.reflect.Method.invoke(Method.java:568)
at org.openqa.selenium.support.events.EventFiringWebDriver.lambda$new$0(EventFiringWebDriver.java:85)
at jdk.proxy2/jdk.proxy2.$Proxy16.onException(Unknown Source)
at org.openqa.selenium.support.events.EventFiringWebDriver.lambda$new$1(EventFiringWebDriver.java:109)
at jdk.proxy2/jdk.proxy2.$Proxy17.getScreenshotAs(Unknown Source)
at org.openqa.selenium.support.events.EventFiringWebDriver.getScreenshotAs(EventFiringWebDriver.java:301)
at utility.TestUtil.takeScreenshotAtEndOfTest(TestUtil.java:30)
at utility.WebEventListener.onException(WebEventListener.java:76)
at jdk.internal.reflect.GeneratedMethodAccessor9.invoke(Unknown Source)
at java.base/jdk.internal.reflect.DelegatingMethodAccessorImpl.invoke(DelegatingMethodAccessorImpl.java:43)
at java.base/java.lang.reflect.Method.invoke(Method.java:568)
at org.openqa.selenium.support.events.EventFiringWebDriver.lambda$new$0(EventFiringWebDriver.java:85)
at jdk.proxy2/jdk.proxy2.$Proxy16.onException(Unknown Source)
at org.openqa.selenium.support.events.EventFiringWebDriver.lambda$new$1(EventFiringWebDriver.java:109)
at jdk.proxy2/jdk.proxy2.$Proxy17.getScreenshotAs(Unknown Source)
at org.openqa.selenium.support.events.EventFiringWebDriver.getScreenshotAs(EventFiringWebDriver.java:301)
at utility.TestUtil.takeScreenshotAtEndOfTest(TestUtil.java:30)
at utility.WebEventListener.onException(WebEventListener.java:76)
at jdk.internal.reflect.GeneratedMethodAccessor9.invoke(Unknown Source)
at java.base/jdk.internal.reflect.DelegatingMethodAccessorImpl.invoke(DelegatingMethodAccessorImpl.java:43)
at java.base/java.lang.reflect.Method.invoke(Method.java:568)
at org.openqa.selenium.support.events.EventFiringWebDriver.lambda$new$0(EventFiringWebDriver.java:85)
at jdk.proxy2/jdk.proxy2.$Proxy16.onException(Unknown Source)
at org.openqa.selenium.support.events.EventFiringWebDriver.lambda$new$1(EventFiringWebDriver.java:109)
at jdk.proxy2/jdk.proxy2.$Proxy17.getScreenshotAs(Unknown Source)
at org.openqa.selenium.support.events.EventFiringWebDriver.getScreenshotAs(EventFiringWebDriver.java:301)
at utility.TestUtil.takeScreenshotAtEndOfTest(TestUtil.java:30)
at utility.WebEventListener.onException(WebEventListener.java:76)
at jdk.internal.reflect.GeneratedMethodAccessor9.invoke(Unknown Source)
at java.base/jdk.internal.reflect.DelegatingMethodAccessorImpl.invoke(DelegatingMethodAccessorImpl.java:43)
at java.base/java.lang.reflect.Method.invoke(Method.java:568)
at org.openqa.selenium.support.events.EventFiringWebDriver.lambda$new$0(EventFiringWebDriver.java:85)
at jdk.proxy2/jdk.proxy2.$Proxy16.onException(Unknown Source)
at org.openqa.selenium.support.events.EventFiringWebDriver.lambda$new$1(EventFiringWebDriver.java:109)
at jdk.proxy2/jdk.proxy2.$Proxy17.getScreenshotAs(Unknown Source)
at org.openqa.selenium.support.events.EventFiringWebDriver.getScreenshotAs(EventFiringWebDriver.java:301)
at utility.TestUtil.takeScreenshotAtEndOfTest(TestUtil.java:30)
at utility.WebEventListener.onException(WebEventListener.java:76)
at jdk.internal.reflect.GeneratedMethodAccessor9.invoke(Unknown Source)
at java.base/jdk.internal.reflect.DelegatingMethodAccessorImpl.invoke(DelegatingMethodAccessorImpl.java:43)
at java.base/java.lang.reflect.Method.invoke(Method.java:568)
at org.openqa.selenium.support.events.EventFiringWebDriver.lambda$new$0(EventFiringWebDriver.java:85)
at jdk.proxy2/jdk.proxy2.$Proxy16.onException(Unknown Source)
at org.openqa.selenium.support.events.EventFiringWebDriver.lambda$new$1(EventFiringWebDriver.java:109)
at jdk.proxy2/jdk.proxy2.$Proxy17.getScreenshotAs(Unknown Source)
at org.openqa.selenium.support.events.EventFiringWebDriver.getScreenshotAs(EventFiringWebDriver.java:301)
at utility.TestUtil.takeScreenshotAtEndOfTest(TestUtil.java:30)
at utility.WebEventListener.onException(WebEventListener.java:76)
at jdk.internal.reflect.GeneratedMethodAccessor9.invoke(Unknown Source)
at java.base/jdk.internal.reflect.DelegatingMethodAccessorImpl.invoke(DelegatingMethodAccessorImpl.java:43)
at java.base/java.lang.reflect.Method.invoke(Method.java:568)
at org.openqa.selenium.support.events.EventFiringWebDriver.lambda$new$0(EventFiringWebDriver.java:85)
at jdk.proxy2/jdk.proxy2.$Proxy16.onException(Unknown Source)
at org.openqa.selenium.support.events.EventFiringWebDriver.lambda$new$1(EventFiringWebDriver.java:109)
at jdk.proxy2/jdk.proxy2.$Proxy17.getScreenshotAs(Unknown Source)
at org.openqa.selenium.support.events.EventFiringWebDriver.getScreenshotAs(EventFiringWebDriver.java:301)
at utility.TestUtil.takeScreenshotAtEndOfTest(TestUtil.java:30)
at utility.WebEventListener.onException(WebEventListener.java:76)
at jdk.internal.reflect.GeneratedMethodAccessor9.invoke(Unknown Source)
at java.base/jdk.internal.reflect.DelegatingMethodAccessorImpl.invoke(DelegatingMethodAccessorImpl.java:43)
at java.base/java.lang.reflect.Method.invoke(Method.java:568)
at org.openqa.selenium.support.events.EventFiringWebDriver.lambda$new$0(EventFiringWebDriver.java:85)
at jdk.proxy2/jdk.proxy2.$Proxy16.onException(Unknown Source)
at org.openqa.selenium.support.events.EventFiringWebDriver.lambda$new$1(EventFiringWebDriver.java:109)
at jdk.proxy2/jdk.proxy2.$Proxy17.getScreenshotAs(Unknown Source)
at org.openqa.selenium.support.events.EventFiringWebDriver.getScreenshotAs(EventFiringWebDriver.java:301)
at utility.TestUtil.takeScreenshotAtEndOfTest(TestUtil.java:30)
at utility.WebEventListener.onException(WebEventListener.java:76)
at jdk.internal.reflect.GeneratedMethodAccessor9.invoke(Unknown Source)
at java.base/jdk.internal.reflect.DelegatingMethodAccessorImpl.invoke(DelegatingMethodAccessorImpl.java:43)
at java.base/java.lang.reflect.Method.invoke(Method.java:568)
at org.openqa.selenium.support.events.EventFiringWebDriver.lambda$new$0(EventFiringWebDriver.java:85)
at jdk.proxy2/jdk.proxy2.$Proxy16.onException(Unknown Source)
at org.openqa.selenium.support.events.EventFiringWebDriver.lambda$new$1(EventFiringWebDriver.java:109)
at jdk.proxy2/jdk.proxy2.$Proxy17.getScreenshotAs(Unknown Source)
at org.openqa.selenium.support.events.EventFiringWebDriver.getScreenshotAs(EventFiringWebDriver.java:301)
at utility.TestUtil.takeScreenshotAtEndOfTest(TestUtil.java:30)
at utility.WebEventListener.onException(WebEventListener.java:76)
at jdk.internal.reflect.GeneratedMethodAccessor9.invoke(Unknown Source)
at java.base/jdk.internal.reflect.DelegatingMethodAccessorImpl.invoke(DelegatingMethodAccessorImpl.java:43)
at java.base/java.lang.reflect.Method.invoke(Method.java:568)
at org.openqa.selenium.support.events.EventFiringWebDriver.lambda$new$0(EventFiringWebDriver.java:85)
at jdk.proxy2/jdk.proxy2.$Proxy16.onException(Unknown Source)
at org.openqa.selenium.support.events.EventFiringWebDriver.lambda$new$1(EventFiringWebDriver.java:109)
at jdk.proxy2/jdk.proxy2.$Proxy17.getScreenshotAs(Unknown Source)
at org.openqa.selenium.support.events.EventFiringWebDriver.getScreenshotAs(EventFiringWebDriver.java:301)
at utility.TestUtil.takeScreenshotAtEndOfTest(TestUtil.java:30)
at utility.WebEventListener.onException(WebEventListener.java:76)
at jdk.internal.reflect.GeneratedMethodAccessor9.invoke(Unknown Source)
at java.base/jdk.internal.reflect.DelegatingMethodAccessorImpl.invoke(DelegatingMethodAccessorImpl.java:43)
at java.base/java.lang.reflect.Method.invoke(Method.java:568)
at org.openqa.selenium.support.events.EventFiringWebDriver.lambda$new$0(EventFiringWebDriver.java:85)
at jdk.proxy2/jdk.proxy2.$Proxy16.onException(Unknown Source)
at org.openqa.selenium.support.events.EventFiringWebDriver.lambda$new$1(EventFiringWebDriver.java:109)
at jdk.proxy2/jdk.proxy2.$Proxy17.getScreenshotAs(Unknown Source)
at org.openqa.selenium.support.events.EventFiringWebDriver.getScreenshotAs(EventFiringWebDriver.java:301)
at utility.TestUtil.takeScreenshotAtEndOfTest(TestUtil.java:30)
at utility.WebEventListener.onException(WebEventListener.java:76)
at jdk.internal.reflect.GeneratedMethodAccessor9.invoke(Unknown Source)
at java.base/jdk.internal.reflect.DelegatingMethodAccessorImpl.invoke(DelegatingMethodAccessorImpl.java:43)
at java.base/java.lang.reflect.Method.invoke(Method.java:568)
at org.openqa.selenium.support.events.EventFiringWebDriver.lambda$new$0(EventFiringWebDriver.java:85)
at jdk.proxy2/jdk.proxy2.$Proxy16.onException(Unknown Source)
at org.openqa.selenium.support.events.EventFiringWebDriver.lambda$new$1(EventFiringWebDriver.java:109)
at jdk.proxy2/jdk.proxy2.$Proxy17.getScreenshotAs(Unknown Source)
at org.openqa.selenium.support.events.EventFiringWebDriver.getScreenshotAs(EventFiringWebDriver.java:301)
at utility.TestUtil.takeScreenshotAtEndOfTest(TestUtil.java:30)
at utility.WebEventListener.onException(WebEventListener.java:76)
at jdk.internal.reflect.GeneratedMethodAccessor9.invoke(Unknown Source)
at java.base/jdk.internal.reflect.DelegatingMethodAccessorImpl.invoke(DelegatingMethodAccessorImpl.java:43)
at java.base/java.lang.reflect.Method.invoke(Method.java:568)
at org.openqa.selenium.support.events.EventFiringWebDriver.lambda$new$0(EventFiringWebDriver.java:85)
at jdk.proxy2/jdk.proxy2.$Proxy16.onException(Unknown Source)
at org.openqa.selenium.support.events.EventFiringWebDriver.lambda$new$1(EventFiringWebDriver.java:109)
at jdk.proxy2/jdk.proxy2.$Proxy17.getScreenshotAs(Unknown Source)
at org.openqa.selenium.support.events.EventFiringWebDriver.getScreenshotAs(EventFiringWebDriver.java:301)
at utility.TestUtil.takeScreenshotAtEndOfTest(TestUtil.java:30)
at utility.WebEventListener.onException(WebEventListener.java:76)
at jdk.internal.reflect.GeneratedMethodAccessor9.invoke(Unknown Source)
at java.base/jdk.internal.reflect.DelegatingMethodAccessorImpl.invoke(DelegatingMethodAccessorImpl.java:43)
at java.base/java.lang.reflect.Method.invoke(Method.java:568)
at org.openqa.selenium.support.events.EventFiringWebDriver.lambda$new$0(EventFiringWebDriver.java:85)
at jdk.proxy2/jdk.proxy2.$Proxy16.onException(Unknown Source)
at org.openqa.selenium.support.events.EventFiringWebDriver.lambda$new$1(EventFiringWebDriver.java:109)
at jdk.proxy2/jdk.proxy2.$Proxy17.getScreenshotAs(Unknown Source)
at org.openqa.selenium.support.events.EventFiringWebDriver.getScreenshotAs(EventFiringWebDriver.java:301)
at utility.TestUtil.takeScreenshotAtEndOfTest(TestUtil.java:30)
at utility.WebEventListener.onException(WebEventListener.java:76)
at jdk.internal.reflect.GeneratedMethodAccessor9.invoke(Unknown Source)
at java.base/jdk.internal.reflect.DelegatingMethodAccessorImpl.invoke(DelegatingMethodAccessorImpl.java:43)
at java.base/java.lang.reflect.Method.invoke(Method.java:568)
at org.openqa.selenium.support.events.EventFiringWebDriver.lambda$new$0(EventFiringWebDriver.java:85)
at jdk.proxy2/jdk.proxy2.$Proxy16.onException(Unknown Source)
at org.openqa.selenium.support.events.EventFiringWebDriver.lambda$new$1(EventFiringWebDriver.java:109)
at jdk.proxy2/jdk.proxy2.$Proxy17.getScreenshotAs(Unknown Source)
at org.openqa.selenium.support.events.EventFiringWebDriver.getScreenshotAs(EventFiringWebDriver.java:301)
at utility.TestUtil.takeScreenshotAtEndOfTest(TestUtil.java:30)
at utility.WebEventListener.onException(WebEventListener.java:76)
at jdk.internal.reflect.GeneratedMethodAccessor9.invoke(Unknown Source)
at java.base/jdk.internal.reflect.DelegatingMethodAccessorImpl.invoke(DelegatingMethodAccessorImpl.java:43)
at java.base/java.lang.reflect.Method.invoke(Method.java:568)
at org.openqa.selenium.support.events.EventFiringWebDriver.lambda$new$0(EventFiringWebDriver.java:85)
at jdk.proxy2/jdk.proxy2.$Proxy16.onException(Unknown Source)
at org.openqa.selenium.support.events.EventFiringWebDriver.lambda$new$1(EventFiringWebDriver.java:109)
at jdk.proxy2/jdk.proxy2.$Proxy17.getScreenshotAs(Unknown Source)
at org.openqa.selenium.support.events.EventFiringWebDriver.getScreenshotAs(EventFiringWebDriver.java:301)
at utility.TestUtil.takeScreenshotAtEndOfTest(TestUtil.java:30)
at utility.WebEventListener.onException(WebEventListener.java:76)
at jdk.internal.reflect.GeneratedMethodAccessor9.invoke(Unknown Source)
at java.base/jdk.internal.reflect.DelegatingMethodAccessorImpl.invoke(DelegatingMethodAccessorImpl.java:43)
at java.base/java.lang.reflect.Method.invoke(Method.java:568)
at org.openqa.selenium.support.events.EventFiringWebDriver.lambda$new$0(EventFiringWebDriver.java:85)
at jdk.proxy2/jdk.proxy2.$Proxy16.onException(Unknown Source)
at org.openqa.selenium.support.events.EventFiringWebDriver.lambda$new$1(EventFiringWebDriver.java:109)
at jdk.proxy2/jdk.proxy2.$Proxy17.getScreenshotAs(Unknown Source)
at org.openqa.selenium.support.events.EventFiringWebDriver.getScreenshotAs(EventFiringWebDriver.java:301)
at utility.TestUtil.takeScreenshotAtEndOfTest(TestUtil.java:30)
at utility.WebEventListener.onException(WebEventListener.java:76)
at jdk.internal.reflect.GeneratedMethodAccessor9.invoke(Unknown Source)
at java.base/jdk.internal.reflect.DelegatingMethodAccessorImpl.invoke(DelegatingMethodAccessorImpl.java:43)
at java.base/java.lang.reflect.Method.invoke(Method.java:568)
at org.openqa.selenium.support.events.EventFiringWebDriver.lambda$new$0(EventFiringWebDriver.java:85)
at jdk.proxy2/jdk.proxy2.$Proxy16.onException(Unknown Source)
at org.openqa.selenium.support.events.EventFiringWebDriver.lambda$new$1(EventFiringWebDriver.java:109)
at jdk.proxy2/jdk.proxy2.$Proxy17.getScreenshotAs(Unknown Source)
at org.openqa.selenium.support.events.EventFiringWebDriver.getScreenshotAs(EventFiringWebDriver.java:301)
at utility.TestUtil.takeScreenshotAtEndOfTest(TestUtil.java:30)
at utility.WebEventListener.onException(WebEventListener.java:76)
at jdk.internal.reflect.GeneratedMethodAccessor9.invoke(Unknown Source)
at java.base/jdk.internal.reflect.DelegatingMethodAccessorImpl.invoke(DelegatingMethodAccessorImpl.java:43)
at java.base/java.lang.reflect.Method.invoke(Method.java:568)
at org.openqa.selenium.support.events.EventFiringWebDriver.lambda$new$0(EventFiringWebDriver.java:85)
at jdk.proxy2/jdk.proxy2.$Proxy16.onException(Unknown Source)
at org.openqa.selenium.support.events.EventFiringWebDriver.lambda$new$1(EventFiringWebDriver.java:109)
at jdk.proxy2/jdk.proxy2.$Proxy17.getScreenshotAs(Unknown Source)
at org.openqa.selenium.support.events.EventFiringWebDriver.getScreenshotAs(EventFiringWebDriver.java:301)
at utility.TestUtil.takeScreenshotAtEndOfTest(TestUtil.java:30)
at utility.WebEventListener.onException(WebEventListener.java:76)
at jdk.internal.reflect.GeneratedMethodAccessor9.invoke(Unknown Source)
at java.base/jdk.internal.reflect.DelegatingMethodAccessorImpl.invoke(DelegatingMethodAccessorImpl.java:43)
at java.base/java.lang.reflect.Method.invoke(Method.java:568)
at org.openqa.selenium.support.events.EventFiringWebDriver.lambda$new$0(EventFiringWebDriver.java:85)
at jdk.proxy2/jdk.proxy2.$Proxy16.onException(Unknown Source)
at org.openqa.selenium.support.events.EventFiringWebDriver.lambda$new$1(EventFiringWebDriver.java:109)
at jdk.proxy2/jdk.proxy2.$Proxy17.getScreenshotAs(Unknown Source)
at org.openqa.selenium.support.events.EventFiringWebDriver.getScreenshotAs(EventFiringWebDriver.java:301)
at utility.TestUtil.takeScreenshotAtEndOfTest(TestUtil.java:30)
at utility.WebEventListener.onException(WebEventListener.java:76)
at jdk.internal.reflect.GeneratedMethodAccessor9.invoke(Unknown Source)
at java.base/jdk.internal.reflect.DelegatingMethodAccessorImpl.invoke(DelegatingMethodAccessorImpl.java:43)
at java.base/java.lang.reflect.Method.invoke(Method.java:568)
at org.openqa.selenium.support.events.EventFiringWebDriver.lambda$new$0(EventFiringWebDriver.java:85)
at jdk.proxy2/jdk.proxy2.$Proxy16.onException(Unknown Source)
at org.openqa.selenium.support.events.EventFiringWebDriver.lambda$new$1(EventFiringWebDriver.java:109)
at jdk.proxy2/jdk.proxy2.$Proxy17.getScreenshotAs(Unknown Source)
at org.openqa.selenium.support.events.EventFiringWebDriver.getScreenshotAs(EventFiringWebDriver.java:301)
at utility.TestUtil.takeScreenshotAtEndOfTest(TestUtil.java:30)
at utility.WebEventListener.onException(WebEventListener.java:76)
at jdk.internal.reflect.GeneratedMethodAccessor9.invoke(Unknown Source)
at java.base/jdk.internal.reflect.DelegatingMethodAccessorImpl.invoke(DelegatingMethodAccessorImpl.java:43)
at java.base/java.lang.reflect.Method.invoke(Method.java:568)
at org.openqa.selenium.support.events.EventFiringWebDriver.lambda$new$0(EventFiringWebDriver.java:85)
at jdk.proxy2/jdk.proxy2.$Proxy16.onException(Unknown Source)
at org.openqa.selenium.support.events.EventFiringWebDriver.lambda$new$1(EventFiringWebDriver.java:109)
at jdk.proxy2/jdk.proxy2.$Proxy17.getScreenshotAs(Unknown Source)
at org.openqa.selenium.support.events.EventFiringWebDriver.getScreenshotAs(EventFiringWebDriver.java:301)
at utility.TestUtil.takeScreenshotAtEndOfTest(TestUtil.java:30)
at utility.WebEventListener.onException(WebEventListener.java:76)
at jdk.internal.reflect.GeneratedMethodAccessor9.invoke(Unknown Source)
at java.base/jdk.internal.reflect.DelegatingMethodAccessorImpl.invoke(DelegatingMethodAccessorImpl.java:43)
at java.base/java.lang.reflect.Method.invoke(Method.java:568)
at org.openqa.selenium.support.events.EventFiringWebDriver.lambda$new$0(EventFiringWebDriver.java:85)
at jdk.proxy2/jdk.proxy2.$Proxy16.onException(Unknown Source)
at org.openqa.selenium.support.events.EventFiringWebDriver.lambda$new$1(EventFiringWebDriver.java:109)
at jdk.proxy2/jdk.proxy2.$Proxy17.getScreenshotAs(Unknown Source)
at org.openqa.selenium.support.events.EventFiringWebDriver.getScreenshotAs(EventFiringWebDriver.java:301)
at utility.TestUtil.takeScreenshotAtEndOfTest(TestUtil.java:30)
at utility.WebEventListener.onException(WebEventListener.java:76)
at jdk.internal.reflect.GeneratedMethodAccessor9.invoke(Unknown Source)
at java.base/jdk.internal.reflect.DelegatingMethodAccessorImpl.invoke(DelegatingMethodAccessorImpl.java:43)
at java.base/java.lang.reflect.Method.invoke(Method.java:568)
at org.openqa.selenium.support.events.EventFiringWebDriver.lambda$new$0(EventFiringWebDriver.java:85)
at jdk.proxy2/jdk.proxy2.$Proxy16.onException(Unknown Source)
at org.openqa.selenium.support.events.EventFiringWebDriver.lambda$new$1(EventFiringWebDriver.java:109)
at jdk.proxy2/jdk.proxy2.$Proxy17.getScreenshotAs(Unknown Source)
at org.openqa.selenium.support.events.EventFiringWebDriver.getScreenshotAs(EventFiringWebDriver.java:301)
at utility.TestUtil.takeScreenshotAtEndOfTest(TestUtil.java:30)
at utility.WebEventListener.onException(WebEventListener.java:76)
at jdk.internal.reflect.GeneratedMethodAccessor9.invoke(Unknown Source)
at java.base/jdk.internal.reflect.DelegatingMethodAccessorImpl.invoke(DelegatingMethodAccessorImpl.java:43)
at java.base/java.lang.reflect.Method.invoke(Method.java:568)
at org.openqa.selenium.support.events.EventFiringWebDriver.lambda$new$0(EventFiringWebDriver.java:85)
at jdk.proxy2/jdk.proxy2.$Proxy16.onException(Unknown Source)
at org.openqa.selenium.support.events.EventFiringWebDriver.lambda$new$1(EventFiringWebDriver.java:109)
at jdk.proxy2/jdk.proxy2.$Proxy17.getScreenshotAs(Unknown Source)
at org.openqa.selenium.support.events.EventFiringWebDriver.getScreenshotAs(EventFiringWebDriver.java:301)
at utility.TestUtil.takeScreenshotAtEndOfTest(TestUtil.java:30)
at utility.WebEventListener.onException(WebEventListener.java:76)
at jdk.internal.reflect.GeneratedMethodAccessor9.invoke(Unknown Source)
at java.base/jdk.internal.reflect.DelegatingMethodAccessorImpl.invoke(DelegatingMethodAccessorImpl.java:43)
at java.base/java.lang.reflect.Method.invoke(Method.java:568)
at org.openqa.selenium.support.events.EventFiringWebDriver.lambda$new$0(EventFiringWebDriver.java:85)
at jdk.proxy2/jdk.proxy2.$Proxy16.onException(Unknown Source)
at org.openqa.selenium.support.events.EventFiringWebDriver.lambda$new$1(EventFiringWebDriver.java:109)
at jdk.proxy2/jdk.proxy2.$Proxy17.getScreenshotAs(Unknown Source)
at org.openqa.selenium.support.events.EventFiringWebDriver.getScreenshotAs(EventFiringWebDriver.java:301)
at utility.TestUtil.takeScreenshotAtEndOfTest(TestUtil.java:30)
at utility.WebEventListener.onException(WebEventListener.java:76)
at jdk.internal.reflect.GeneratedMethodAccessor9.invoke(Unknown Source)
at java.base/jdk.internal.reflect.DelegatingMethodAccessorImpl.invoke(DelegatingMethodAccessorImpl.java:43)
at java.base/java.lang.reflect.Method.invoke(Method.java:568)
at org.openqa.selenium.support.events.EventFiringWebDriver.lambda$new$0(EventFiringWebDriver.java:85)
at jdk.proxy2/jdk.proxy2.$Proxy16.onException(Unknown Source)
at org.openqa.selenium.support.events.EventFiringWebDriver.lambda$new$1(EventFiringWebDriver.java:109)
at jdk.proxy2/jdk.proxy2.$Proxy17.getScreenshotAs(Unknown Source)
at org.openqa.selenium.support.events.EventFiringWebDriver.getScreenshotAs(EventFiringWebDriver.java:301)
at utility.TestUtil.takeScreenshotAtEndOfTest(TestUtil.java:30)
at utility.WebEventListener.onException(WebEventListener.java:76)
at jdk.internal.reflect.GeneratedMethodAccessor9.invoke(Unknown Source)
at java.base/jdk.internal.reflect.DelegatingMethodAccessorImpl.invoke(DelegatingMethodAccessorImpl.java:43)
at java.base/java.lang.reflect.Method.invoke(Method.java:568)
at org.openqa.selenium.support.events.EventFiringWebDriver.lambda$new$0(EventFiringWebDriver.java:85)
at jdk.proxy2/jdk.proxy2.$Proxy16.onException(Unknown Source)
at org.openqa.selenium.support.events.EventFiringWebDriver.lambda$new$1(EventFiringWebDriver.java:109)
at jdk.proxy2/jdk.proxy2.$Proxy17.getScreenshotAs(Unknown Source)
at org.openqa.selenium.support.events.EventFiringWebDriver.getScreenshotAs(EventFiringWebDriver.java:301)
at utility.TestUtil.takeScreenshotAtEndOfTest(TestUtil.java:30)
at utility.WebEventListener.onException(WebEventListener.java:76)
at jdk.internal.reflect.GeneratedMethodAccessor9.invoke(Unknown Source)
at java.base/jdk.internal.reflect.DelegatingMethodAccessorImpl.invoke(DelegatingMethodAccessorImpl.java:43)
at java.base/java.lang.reflect.Method.invoke(Method.java:568)
at org.openqa.selenium.support.events.EventFiringWebDriver.lambda$new$0(EventFiringWebDriver.java:85)
at jdk.proxy2/jdk.proxy2.$Proxy16.onException(Unknown Source)
at org.openqa.selenium.support.events.EventFiringWebDriver.lambda$new$1(EventFiringWebDriver.java:109)
at jdk.proxy2/jdk.proxy2.$Proxy17.getScreenshotAs(Unknown Source)
at org.openqa.selenium.support.events.EventFiringWebDriver.getScreenshotAs(EventFiringWebDriver.java:301)
at utility.TestUtil.takeScreenshotAtEndOfTest(TestUtil.java:30)
at utility.WebEventListener.onException(WebEventListener.java:76)
at jdk.internal.reflect.GeneratedMethodAccessor9.invoke(Unknown Source)
at java.base/jdk.internal.reflect.DelegatingMethodAccessorImpl.invoke(DelegatingMethodAccessorImpl.java:43)
at java.base/java.lang.reflect.Method.invoke(Method.java:568)
at org.openqa.selenium.support.events.EventFiringWebDriver.lambda$new$0(EventFiringWebDriver.java:85)
at jdk.proxy2/jdk.proxy2.$Proxy16.onException(Unknown Source)
at org.openqa.selenium.support.events.EventFiringWebDriver.lambda$new$1(EventFiringWebDriver.java:109)
at jdk.proxy2/jdk.proxy2.$Proxy17.getScreenshotAs(Unknown Source)
at org.openqa.selenium.support.events.EventFiringWebDriver.getScreenshotAs(EventFiringWebDriver.java:301)
at utility.TestUtil.takeScreenshotAtEndOfTest(TestUtil.java:30)
at utility.WebEventListener.onException(WebEventListener.java:76)
at jdk.internal.reflect.GeneratedMethodAccessor9.invoke(Unknown Source)
at java.base/jdk.internal.reflect.DelegatingMethodAccessorImpl.invoke(DelegatingMethodAccessorImpl.java:43)
at java.base/java.lang.reflect.Method.invoke(Method.java:568)
at org.openqa.selenium.support.events.EventFiringWebDriver.lambda$new$0(EventFiringWebDriver.java:85)
at jdk.proxy2/jdk.proxy2.$Proxy16.onException(Unknown Source)
at org.openqa.selenium.support.events.EventFiringWebDriver.lambda$new$1(EventFiringWebDriver.java:109)
at jdk.proxy2/jdk.proxy2.$Proxy17.getScreenshotAs(Unknown Source)
at org.openqa.selenium.support.events.EventFiringWebDriver.getScreenshotAs(EventFiringWebDriver.java:301)
at utility.TestUtil.takeScreenshotAtEndOfTest(TestUtil.java:30)
at utility.WebEventListener.onException(WebEventListener.java:76)
at jdk.internal.reflect.GeneratedMethodAccessor9.invoke(Unknown Source)
at java.base/jdk.internal.reflect.DelegatingMethodAccessorImpl.invoke(DelegatingMethodAccessorImpl.java:43)
at java.base/java.lang.reflect.Method.invoke(Method.java:568)
at org.openqa.selenium.support.events.EventFiringWebDriver.lambda$new$0(EventFiringWebDriver.java:85)
at jdk.proxy2/jdk.proxy2.$Proxy16.onException(Unknown Source)
at org.openqa.selenium.support.events.EventFiringWebDriver.lambda$new$1(EventFiringWebDriver.java:109)
at jdk.proxy2/jdk.proxy2.$Proxy17.getScreenshotAs(Unknown Source)
at org.openqa.selenium.support.events.EventFiringWebDriver.getScreenshotAs(EventFiringWebDriver.java:301)
at utility.TestUtil.takeScreenshotAtEndOfTest(TestUtil.java:30)
at utility.WebEventListener.onException(WebEventListener.java:76)
at jdk.internal.reflect.GeneratedMethodAccessor9.invoke(Unknown Source)
at java.base/jdk.internal.reflect.DelegatingMethodAccessorImpl.invoke(DelegatingMethodAccessorImpl.java:43)
at java.base/java.lang.reflect.Method.invoke(Method.java:568)
at org.openqa.selenium.support.events.EventFiringWebDriver.lambda$new$0(EventFiringWebDriver.java:85)
at jdk.proxy2/jdk.proxy2.$Proxy16.onException(Unknown Source)
at org.openqa.selenium.support.events.EventFiringWebDriver.lambda$new$1(EventFiringWebDriver.java:109)
at jdk.proxy2/jdk.proxy2.$Proxy17.getScreenshotAs(Unknown Source)
at org.openqa.selenium.support.events.EventFiringWebDriver.getScreenshotAs(EventFiringWebDriver.java:301)
at utility.TestUtil.takeScreenshotAtEndOfTest(TestUtil.java:30)
at utility.WebEventListener.onException(WebEventListener.java:76)
at jdk.internal.reflect.GeneratedMethodAccessor9.invoke(Unknown Source)
at java.base/jdk.internal.reflect.DelegatingMethodAccessorImpl.invoke(DelegatingMethodAccessorImpl.java:43)
at java.base/java.lang.reflect.Method.invoke(Method.java:568)
at org.openqa.selenium.support.events.EventFiringWebDriver.lambda$new$0(EventFiringWebDriver.java:85)
at jdk.proxy2/jdk.proxy2.$Proxy16.onException(Unknown Source)
at org.openqa.selenium.support.events.EventFiringWebDriver.lambda$new$1(EventFiringWebDriver.java:109)
at jdk.proxy2/jdk.proxy2.$Proxy17.getScreenshotAs(Unknown Source)
at org.openqa.selenium.support.events.EventFiringWebDriver.getScreenshotAs(EventFiringWebDriver.java:301)
at utility.TestUtil.takeScreenshotAtEndOfTest(TestUtil.java:30)
at utility.WebEventListener.onException(WebEventListener.java:76)
at jdk.internal.reflect.GeneratedMethodAccessor9.invoke(Unknown Source)
at java.base/jdk.internal.reflect.DelegatingMethodAccessorImpl.invoke(DelegatingMethodAccessorImpl.java:43)
at java.base/java.lang.reflect.Method.invoke(Method.java:568)
at org.openqa.selenium.support.events.EventFiringWebDriver.lambda$new$0(EventFiringWebDriver.java:85)
at jdk.proxy2/jdk.proxy2.$Proxy16.onException(Unknown Source)
at org.openqa.selenium.support.events.EventFiringWebDriver.lambda$new$1(EventFiringWebDriver.java:109)
at jdk.proxy2/jdk.proxy2.$Proxy17.getScreenshotAs(Unknown Source)
at org.openqa.selenium.support.events.EventFiringWebDriver.getScreenshotAs(EventFiringWebDriver.java:301)
at utility.TestUtil.takeScreenshotAtEndOfTest(TestUtil.java:30)
at utility.WebEventListener.onException(WebEventListener.java:76)
at jdk.internal.reflect.GeneratedMethodAccessor9.invoke(Unknown Source)
at java.base/jdk.internal.reflect.DelegatingMethodAccessorImpl.invoke(DelegatingMethodAccessorImpl.java:43)
at java.base/java.lang.reflect.Method.invoke(Method.java:568)
at org.openqa.selenium.support.events.EventFiringWebDriver.lambda$new$0(EventFiringWebDriver.java:85)
at jdk.proxy2/jdk.proxy2.$Proxy16.onException(Unknown Source)
at org.openqa.selenium.support.events.EventFiringWebDriver.lambda$new$1(EventFiringWebDriver.java:109)
at jdk.proxy2/jdk.proxy2.$Proxy17.getScreenshotAs(Unknown Source)
at org.openqa.selenium.support.events.EventFiringWebDriver.getScreenshotAs(EventFiringWebDriver.java:301)
at utility.TestUtil.takeScreenshotAtEndOfTest(TestUtil.java:30)
at utility.WebEventListener.onException(WebEventListener.java:76)
at jdk.internal.reflect.GeneratedMethodAccessor9.invoke(Unknown Source)
at java.base/jdk.internal.reflect.DelegatingMethodAccessorImpl.invoke(DelegatingMethodAccessorImpl.java:43)
at java.base/java.lang.reflect.Method.invoke(Method.java:568)
at org.openqa.selenium.support.events.EventFiringWebDriver.lambda$new$0(EventFiringWebDriver.java:85)
at jdk.proxy2/jdk.proxy2.$Proxy16.onException(Unknown Source)
at org.openqa.selenium.support.events.EventFiringWebDriver.lambda$new$1(EventFiringWebDriver.java:109)
at jdk.proxy2/jdk.proxy2.$Proxy17.getScreenshotAs(Unknown Source)
at org.openqa.selenium.support.events.EventFiringWebDriver.getScreenshotAs(EventFiringWebDriver.java:301)
at utility.TestUtil.takeScreenshotAtEndOfTest(TestUtil.java:30)
at utility.WebEventListener.onException(WebEventListener.java:76)
at jdk.internal.reflect.GeneratedMethodAccessor9.invoke(Unknown Source)
at java.base/jdk.internal.reflect.DelegatingMethodAccessorImpl.invoke(DelegatingMethodAccessorImpl.java:43)
at java.base/java.lang.reflect.Method.invoke(Method.java:568)
at org.openqa.selenium.support.events.EventFiringWebDriver.lambda$new$0(EventFiringWebDriver.java:85)
at jdk.proxy2/jdk.proxy2.$Proxy16.onException(Unknown Source)
at org.openqa.selenium.support.events.EventFiringWebDriver.lambda$new$1(EventFiringWebDriver.java:109)
at jdk.proxy2/jdk.proxy2.$Proxy17.getScreenshotAs(Unknown Source)
at org.openqa.selenium.support.events.EventFiringWebDriver.getScreenshotAs(EventFiringWebDriver.java:301)
at utility.TestUtil.takeScreenshotAtEndOfTest(TestUtil.java:30)
at utility.WebEventListener.onException(WebEventListener.java:76)
at jdk.internal.reflect.GeneratedMethodAccessor9.invoke(Unknown Source)
at java.base/jdk.internal.reflect.DelegatingMethodAccessorImpl.invoke(DelegatingMethodAccessorImpl.java:43)
at java.base/java.lang.reflect.Method.invoke(Method.java:568)
at org.openqa.selenium.support.events.EventFiringWebDriver.lambda$new$0(EventFiringWebDriver.java:85)
at jdk.proxy2/jdk.proxy2.$Proxy16.onException(Unknown Source)
at org.openqa.selenium.support.events.EventFiringWebDriver.lambda$new$1(EventFiringWebDriver.java:109)
at jdk.proxy2/jdk.proxy2.$Proxy17.getScreenshotAs(Unknown Source)
at org.openqa.selenium.support.events.EventFiringWebDriver.getScreenshotAs(EventFiringWebDriver.java:301)
at utility.TestUtil.takeScreenshotAtEndOfTest(TestUtil.java:30)
at utility.WebEventListener.onException(WebEventListener.java:76)
at jdk.internal.reflect.GeneratedMethodAccessor9.invoke(Unknown Source)
at java.base/jdk.internal.reflect.DelegatingMethodAccessorImpl.invoke(DelegatingMethodAccessorImpl.java:43)
at java.base/java.lang.reflect.Method.invoke(Method.java:568)
at org.openqa.selenium.support.events.EventFiringWebDriver.lambda$new$0(EventFiringWebDriver.java:85)
at jdk.proxy2/jdk.proxy2.$Proxy16.onException(Unknown Source)
at org.openqa.selenium.support.events.EventFiringWebDriver.lambda$new$1(EventFiringWebDriver.java:109)
at jdk.proxy2/jdk.proxy2.$Proxy17.getScreenshotAs(Unknown Source)
at org.openqa.selenium.support.events.EventFiringWebDriver.getScreenshotAs(EventFiringWebDriver.java:301)
at utility.TestUtil.takeScreenshotAtEndOfTest(TestUtil.java:30)
at utility.WebEventListener.onException(WebEventListener.java:76)
at jdk.internal.reflect.GeneratedMethodAccessor9.invoke(Unknown Source)
at java.base/jdk.internal.reflect.DelegatingMethodAccessorImpl.invoke(DelegatingMethodAccessorImpl.java:43)
at java.base/java.lang.reflect.Method.invoke(Method.java:568)
at org.openqa.selenium.support.events.EventFiringWebDriver.lambda$new$0(EventFiringWebDriver.java:85)
at jdk.proxy2/jdk.proxy2.$Proxy16.onException(Unknown Source)
at org.openqa.selenium.support.events.EventFiringWebDriver.lambda$new$1(EventFiringWebDriver.java:109)
at jdk.proxy2/jdk.proxy2.$Proxy17.getScreenshotAs(Unknown Source)
at org.openqa.selenium.support.events.EventFiringWebDriver.getScreenshotAs(EventFiringWebDriver.java:301)
at utility.TestUtil.takeScreenshotAtEndOfTest(TestUtil.java:30)
at utility.WebEventListener.onException(WebEventListener.java:76)
at jdk.internal.reflect.GeneratedMethodAccessor9.invoke(Unknown Source)
at java.base/jdk.internal.reflect.DelegatingMethodAccessorImpl.invoke(DelegatingMethodAccessorImpl.java:43)
at java.base/java.lang.reflect.Method.invoke(Method.java:568)
at org.openqa.selenium.support.events.EventFiringWebDriver.lambda$new$0(EventFiringWebDriver.java:85)
at jdk.proxy2/jdk.proxy2.$Proxy16.onException(Unknown Source)
at org.openqa.selenium.support.events.EventFiringWebDriver.lambda$new$1(EventFiringWebDriver.java:109)
at jdk.proxy2/jdk.proxy2.$Proxy17.getScreenshotAs(Unknown Source)
at org.openqa.selenium.support.events.EventFiringWebDriver.getScreenshotAs(EventFiringWebDriver.java:301)
at utility.TestUtil.takeScreenshotAtEndOfTest(TestUtil.java:30)
at utility.WebEventListener.onException(WebEventListener.java:76)
at jdk.internal.reflect.GeneratedMethodAccessor9.invoke(Unknown Source)
at java.base/jdk.internal.reflect.DelegatingMethodAccessorImpl.invoke(DelegatingMethodAccessorImpl.java:43)
at java.base/java.lang.reflect.Method.invoke(Method.java:568)
at org.openqa.selenium.support.events.EventFiringWebDriver.lambda$new$0(EventFiringWebDriver.java:85)
at jdk.proxy2/jdk.proxy2.$Proxy16.onException(Unknown Source)
at org.openqa.selenium.support.events.EventFiringWebDriver.lambda$new$1(EventFiringWebDriver.java:109)
at jdk.proxy2/jdk.proxy2.$Proxy17.getScreenshotAs(Unknown Source)
at org.openqa.selenium.support.events.EventFiringWebDriver.getScreenshotAs(EventFiringWebDriver.java:301)
at utility.TestUtil.takeScreenshotAtEndOfTest(TestUtil.java:30)
at utility.WebEventListener.onException(WebEventListener.java:76)
at jdk.internal.reflect.GeneratedMethodAccessor9.invoke(Unknown Source)
at java.base/jdk.internal.reflect.DelegatingMethodAccessorImpl.invoke(DelegatingMethodAccessorImpl.java:43)
at java.base/java.lang.reflect.Method.invoke(Method.java:568)
at org.openqa.selenium.support.events.EventFiringWebDriver.lambda$new$0(EventFiringWebDriver.java:85)
at jdk.proxy2/jdk.proxy2.$Proxy16.onException(Unknown Source)
at org.openqa.selenium.support.events.EventFiringWebDriver.lambda$new$1(EventFiringWebDriver.java:109)
at jdk.proxy2/jdk.proxy2.$Proxy17.getScreenshotAs(Unknown Source)
at org.openqa.selenium.support.events.EventFiringWebDriver.getScreenshotAs(EventFiringWebDriver.java:301)
at utility.TestUtil.takeScreenshotAtEndOfTest(TestUtil.java:30)
at utility.WebEventListener.onException(WebEventListener.java:76)
at jdk.internal.reflect.GeneratedMethodAccessor9.invoke(Unknown Source)
at java.base/jdk.internal.reflect.DelegatingMethodAccessorImpl.invoke(DelegatingMethodAccessorImpl.java:43)
at java.base/java.lang.reflect.Method.invoke(Method.java:568)
at org.openqa.selenium.support.events.EventFiringWebDriver.lambda$new$0(EventFiringWebDriver.java:85)
at jdk.proxy2/jdk.proxy2.$Proxy16.onException(Unknown Source)
at org.openqa.selenium.support.events.EventFiringWebDriver.lambda$new$1(EventFiringWebDriver.java:109)
at jdk.proxy2/jdk.proxy2.$Proxy17.getScreenshotAs(Unknown Source)
at org.openqa.selenium.support.events.EventFiringWebDriver.getScreenshotAs(EventFiringWebDriver.java:301)
at utility.TestUtil.takeScreenshotAtEndOfTest(TestUtil.java:30)
at utility.WebEventListener.onException(WebEventListener.java:76)
at jdk.internal.reflect.GeneratedMethodAccessor9.invoke(Unknown Source)
at java.base/jdk.internal.reflect.DelegatingMethodAccessorImpl.invoke(DelegatingMethodAccessorImpl.java:43)
at java.base/java.lang.reflect.Method.invoke(Method.java:568)
at org.openqa.selenium.support.events.EventFiringWebDriver.lambda$new$0(EventFiringWebDriver.java:85)
at jdk.proxy2/jdk.proxy2.$Proxy16.onException(Unknown Source)
at org.openqa.selenium.support.events.EventFiringWebDriver.lambda$new$1(EventFiringWebDriver.java:109)
at jdk.proxy2/jdk.proxy2.$Proxy17.getScreenshotAs(Unknown Source)
at org.openqa.selenium.support.events.EventFiringWebDriver.getScreenshotAs(EventFiringWebDriver.java:301)
at utility.TestUtil.takeScreenshotAtEndOfTest(TestUtil.java:30)
at utility.WebEventListener.onException(WebEventListener.java:76)
at jdk.internal.reflect.GeneratedMethodAccessor9.invoke(Unknown Source)
at java.base/jdk.internal.reflect.DelegatingMethodAccessorImpl.invoke(DelegatingMethodAccessorImpl.java:43)
at java.base/java.lang.reflect.Method.invoke(Method.java:568)
at org.openqa.selenium.support.events.EventFiringWebDriver.lambda$new$0(EventFiringWebDriver.java:85)
at jdk.proxy2/jdk.proxy2.$Proxy16.onException(Unknown Source)
at org.openqa.selenium.support.events.EventFiringWebDriver.lambda$new$1(EventFiringWebDriver.java:109)
at jdk.proxy2/jdk.proxy2.$Proxy17.getScreenshotAs(Unknown Source)
at org.openqa.selenium.support.events.EventFiringWebDriver.getScreenshotAs(EventFiringWebDriver.java:301)
at utility.TestUtil.takeScreenshotAtEndOfTest(TestUtil.java:30)
at utility.WebEventListener.onException(WebEventListener.java:76)
at jdk.internal.reflect.GeneratedMethodAccessor9.invoke(Unknown Source)
at java.base/jdk.internal.reflect.DelegatingMethodAccessorImpl.invoke(DelegatingMethodAccessorImpl.java:43)
at java.base/java.lang.reflect.Method.invoke(Method.java:568)
at org.openqa.selenium.support.events.EventFiringWebDriver.lambda$new$0(EventFiringWebDriver.java:85)
at jdk.proxy2/jdk.proxy2.$Proxy16.onException(Unknown Source)
at org.openqa.selenium.support.events.EventFiringWebDriver.lambda$new$1(EventFiringWebDriver.java:109)
at jdk.proxy2/jdk.proxy2.$Proxy17.getScreenshotAs(Unknown Source)
at org.openqa.selenium.support.events.EventFiringWebDriver.getScreenshotAs(EventFiringWebDriver.java:301)
at utility.TestUtil.takeScreenshotAtEndOfTest(TestUtil.java:30)
at utility.WebEventListener.onException(WebEventListener.java:76)
at jdk.internal.reflect.GeneratedMethodAccessor9.invoke(Unknown Source)
at java.base/jdk.internal.reflect.DelegatingMethodAccessorImpl.invoke(DelegatingMethodAccessorImpl.java:43)
at java.base/java.lang.reflect.Method.invoke(Method.java:568)
at org.openqa.selenium.support.events.EventFiringWebDriver.lambda$new$0(EventFiringWebDriver.java:85)
at jdk.proxy2/jdk.proxy2.$Proxy16.onException(Unknown Source)
at org.openqa.selenium.support.events.EventFiringWebDriver.lambda$new$1(EventFiringWebDriver.java:109)
at jdk.proxy2/jdk.proxy2.$Proxy17.getScreenshotAs(Unknown Source)
at org.openqa.selenium.support.events.EventFiringWebDriver.getScreenshotAs(EventFiringWebDriver.java:301)
at utility.TestUtil.takeScreenshotAtEndOfTest(TestUtil.java:30)
at utility.WebEventListener.onException(WebEventListener.java:76)
at jdk.internal.reflect.GeneratedMethodAccessor9.invoke(Unknown Source)
at java.base/jdk.internal.reflect.DelegatingMethodAccessorImpl.invoke(DelegatingMethodAccessorImpl.java:43)
at java.base/java.lang.reflect.Method.invoke(Method.java:568)
at org.openqa.selenium.support.events.EventFiringWebDriver.lambda$new$0(EventFiringWebDriver.java:85)
at jdk.proxy2/jdk.proxy2.$Proxy16.onException(Unknown Source)
at org.openqa.selenium.support.events.EventFiringWebDriver.lambda$new$1(EventFiringWebDriver.java:109)
at jdk.proxy2/jdk.proxy2.$Proxy17.getScreenshotAs(Unknown Source)
at org.openqa.selenium.support.events.EventFiringWebDriver.getScreenshotAs(EventFiringWebDriver.java:301)
at utility.TestUtil.takeScreenshotAtEndOfTest(TestUtil.java:30)
at utility.WebEventListener.onException(WebEventListener.java:76)
at jdk.internal.reflect.GeneratedMethodAccessor9.invoke(Unknown Source)
at java.base/jdk.internal.reflect.DelegatingMethodAccessorImpl.invoke(DelegatingMethodAccessorImpl.java:43)
at java.base/java.lang.reflect.Method.invoke(Method.java:568)
at org.openqa.selenium.support.events.EventFiringWebDriver.lambda$new$0(EventFiringWebDriver.java:85)
at jdk.proxy2/jdk.proxy2.$Proxy16.onException(Unknown Source)
at org.openqa.selenium.support.events.EventFiringWebDriver.lambda$new$1(EventFiringWebDriver.java:109)
at jdk.proxy2/jdk.proxy2.$Proxy17.getScreenshotAs(Unknown Source)
at org.openqa.selenium.support.events.EventFiringWebDriver.getScreenshotAs(EventFiringWebDriver.java:301)
at utility.TestUtil.takeScreenshotAtEndOfTest(TestUtil.java:30)
at utility.WebEventListener.onException(WebEventListener.java:76)
at jdk.internal.reflect.GeneratedMethodAccessor9.invoke(Unknown Source)
at java.base/jdk.internal.reflect.DelegatingMethodAccessorImpl.invoke(DelegatingMethodAccessorImpl.java:43)
at java.base/java.lang.reflect.Method.invoke(Method.java:568)
at org.openqa.selenium.support.events.EventFiringWebDriver.lambda$new$0(EventFiringWebDriver.java:85)
at jdk.proxy2/jdk.proxy2.$Proxy16.onException(Unknown Source)
at org.openqa.selenium.support.events.EventFiringWebDriver.lambda$new$1(EventFiringWebDriver.java:109)
at jdk.proxy2/jdk.proxy2.$Proxy17.getScreenshotAs(Unknown Source)
at org.openqa.selenium.support.events.EventFiringWebDriver.getScreenshotAs(EventFiringWebDriver.java:301)
at utility.TestUtil.takeScreenshotAtEndOfTest(TestUtil.java:30)
at utility.WebEventListener.onException(WebEventListener.java:76)
at jdk.internal.reflect.GeneratedMethodAccessor9.invoke(Unknown Source)
at java.base/jdk.internal.reflect.DelegatingMethodAccessorImpl.invoke(DelegatingMethodAccessorImpl.java:43)
at java.base/java.lang.reflect.Method.invoke(Method.java:568)
at org.openqa.selenium.support.events.EventFiringWebDriver.lambda$new$0(EventFiringWebDriver.java:85)
at jdk.proxy2/jdk.proxy2.$Proxy16.onException(Unknown Source)
at org.openqa.selenium.support.events.EventFiringWebDriver.lambda$new$1(EventFiringWebDriver.java:109)
at jdk.proxy2/jdk.proxy2.$Proxy17.getScreenshotAs(Unknown Source)
at org.openqa.selenium.support.events.EventFiringWebDriver.getScreenshotAs(EventFiringWebDriver.java:301)
at utility.TestUtil.takeScreenshotAtEndOfTest(TestUtil.java:30)
at utility.WebEventListener.onException(WebEventListener.java:76)
at jdk.internal.reflect.GeneratedMethodAccessor9.invoke(Unknown Source)
at java.base/jdk.internal.reflect.DelegatingMethodAccessorImpl.invoke(DelegatingMethodAccessorImpl.java:43)
at java.base/java.lang.reflect.Method.invoke(Method.java:568)
at org.openqa.selenium.support.events.EventFiringWebDriver.lambda$new$0(EventFiringWebDriver.java:85)
at jdk.proxy2/jdk.proxy2.$Proxy16.onException(Unknown Source)
at org.openqa.selenium.support.events.EventFiringWebDriver.lambda$new$1(EventFiringWebDriver.java:109)
at jdk.proxy2/jdk.proxy2.$Proxy17.getScreenshotAs(Unknown Source)
at org.openqa.selenium.support.events.EventFiringWebDriver.getScreenshotAs(EventFiringWebDriver.java:301)
at utility.TestUtil.takeScreenshotAtEndOfTest(TestUtil.java:30)
at utility.WebEventListener.onException(WebEventListener.java:76)
at jdk.internal.reflect.GeneratedMethodAccessor9.invoke(Unknown Source)
at java.base/jdk.internal.reflect.DelegatingMethodAccessorImpl.invoke(DelegatingMethodAccessorImpl.java:43)
at java.base/java.lang.reflect.Method.invoke(Method.java:568)
at org.openqa.selenium.support.events.EventFiringWebDriver.lambda$new$0(EventFiringWebDriver.java:85)
at jdk.proxy2/jdk.proxy2.$Proxy16.onException(Unknown Source)
at org.openqa.selenium.support.events.EventFiringWebDriver.lambda$new$1(EventFiringWebDriver.java:109)
at jdk.proxy2/jdk.proxy2.$Proxy17.getScreenshotAs(Unknown Source)
at org.openqa.selenium.support.events.EventFiringWebDriver.getScreenshotAs(EventFiringWebDriver.java:301)
at utility.TestUtil.takeScreenshotAtEndOfTest(TestUtil.java:30)
at utility.WebEventListener.onException(WebEventListener.java:76)
at jdk.internal.reflect.GeneratedMethodAccessor9.invoke(Unknown Source)
at java.base/jdk.internal.reflect.DelegatingMethodAccessorImpl.invoke(DelegatingMethodAccessorImpl.java:43)
at java.base/java.lang.reflect.Method.invoke(Method.java:568)
at org.openqa.selenium.support.events.EventFiringWebDriver.lambda$new$0(EventFiringWebDriver.java:85)
at jdk.proxy2/jdk.proxy2.$Proxy16.onException(Unknown Source)
at org.openqa.selenium.support.events.EventFiringWebDriver.lambda$new$1(EventFiringWebDriver.java:109)
at jdk.proxy2/jdk.proxy2.$Proxy17.getScreenshotAs(Unknown Source)
at org.openqa.selenium.support.events.EventFiringWebDriver.getScreenshotAs(EventFiringWebDriver.java:301)
at utility.TestUtil.takeScreenshotAtEndOfTest(TestUtil.java:30)
at utility.WebEventListener.onException(WebEventListener.java:76)
at jdk.internal.reflect.GeneratedMethodAccessor9.invoke(Unknown Source)
at java.base/jdk.internal.reflect.DelegatingMethodAccessorImpl.invoke(DelegatingMethodAccessorImpl.java:43)
at java.base/java.lang.reflect.Method.invoke(Method.java:568)
at org.openqa.selenium.support.events.EventFiringWebDriver.lambda$new$0(EventFiringWebDriver.java:85)
at jdk.proxy2/jdk.proxy2.$Proxy16.onException(Unknown Source)
at org.openqa.selenium.support.events.EventFiringWebDriver.lambda$new$1(EventFiringWebDriver.java:109)
at jdk.proxy2/jdk.proxy2.$Proxy17.getScreenshotAs(Unknown Source)
at org.openqa.selenium.support.events.EventFiringWebDriver.getScreenshotAs(EventFiringWebDriver.java:301)
at utility.TestUtil.takeScreenshotAtEndOfTest(TestUtil.java:30)
at utility.WebEventListener.onException(WebEventListener.java:76)
at jdk.internal.reflect.GeneratedMethodAccessor9.invoke(Unknown Source)
at java.base/jdk.internal.reflect.DelegatingMethodAccessorImpl.invoke(DelegatingMethodAccessorImpl.java:43)
at java.base/java.lang.reflect.Method.invoke(Method.java:568)
at org.openqa.selenium.support.events.EventFiringWebDriver.lambda$new$0(EventFiringWebDriver.java:85)
at jdk.proxy2/jdk.proxy2.$Proxy16.onException(Unknown Source)
at org.openqa.selenium.support.events.EventFiringWebDriver.lambda$new$1(EventFiringWebDriver.java:109)
at jdk.proxy2/jdk.proxy2.$Proxy17.getScreenshotAs(Unknown Source)
at org.openqa.selenium.support.events.EventFiringWebDriver.getScreenshotAs(EventFiringWebDriver.java:301)
at utility.TestUtil.takeScreenshotAtEndOfTest(TestUtil.java:30)
at utility.WebEventListener.onException(WebEventListener.java:76)
at jdk.internal.reflect.GeneratedMethodAccessor9.invoke(Unknown Source)
at java.base/jdk.internal.reflect.DelegatingMethodAccessorImpl.invoke(DelegatingMethodAccessorImpl.java:43)
at java.base/java.lang.reflect.Method.invoke(Method.java:568)
at org.openqa.selenium.support.events.EventFiringWebDriver.lambda$new$0(EventFiringWebDriver.java:85)
at jdk.proxy2/jdk.proxy2.$Proxy16.onException(Unknown Source)
at org.openqa.selenium.support.events.EventFiringWebDriver.lambda$new$1(EventFiringWebDriver.java:109)
at jdk.proxy2/jdk.proxy2.$Proxy17.getScreenshotAs(Unknown Source)
at org.openqa.selenium.support.events.EventFiringWebDriver.getScreenshotAs(EventFiringWebDriver.java:301)
at utility.TestUtil.takeScreenshotAtEndOfTest(TestUtil.java:30)
at utility.WebEventListener.onException(WebEventListener.java:76)
at jdk.internal.reflect.GeneratedMethodAccessor9.invoke(Unknown Source)
at java.base/jdk.internal.reflect.DelegatingMethodAccessorImpl.invoke(DelegatingMethodAccessorImpl.java:43)
at java.base/java.lang.reflect.Method.invoke(Method.java:568)
at org.openqa.selenium.support.events.EventFiringWebDriver.lambda$new$0(EventFiringWebDriver.java:85)
at jdk.proxy2/jdk.proxy2.$Proxy16.onException(Unknown Source)
at org.openqa.selenium.support.events.EventFiringWebDriver.lambda$new$1(EventFiringWebDriver.java:109)
at jdk.proxy2/jdk.proxy2.$Proxy17.getScreenshotAs(Unknown Source)
at org.openqa.selenium.support.events.EventFiringWebDriver.getScreenshotAs(EventFiringWebDriver.java:301)
at utility.TestUtil.takeScreenshotAtEndOfTest(TestUtil.java:30)
at utility.WebEventListener.onException(WebEventListener.java:76)
at jdk.internal.reflect.GeneratedMethodAccessor9.invoke(Unknown Source)
at java.base/jdk.internal.reflect.DelegatingMethodAccessorImpl.invoke(DelegatingMethodAccessorImpl.java:43)
at java.base/java.lang.reflect.Method.invoke(Method.java:568)
at org.openqa.selenium.support.events.EventFiringWebDriver.lambda$new$0(EventFiringWebDriver.java:85)
at jdk.proxy2/jdk.proxy2.$Proxy16.onException(Unknown Source)
at org.openqa.selenium.support.events.EventFiringWebDriver.lambda$new$1(EventFiringWebDriver.java:109)
at jdk.proxy2/jdk.proxy2.$Proxy17.getScreenshotAs(Unknown Source)
at org.openqa.selenium.support.events.EventFiringWebDriver.getScreenshotAs(EventFiringWebDriver.java:301)
at utility.TestUtil.takeScreenshotAtEndOfTest(TestUtil.java:30)
at utility.WebEventListener.onException(WebEventListener.java:76)
at jdk.internal.reflect.GeneratedMethodAccessor9.invoke(Unknown Source)
at java.base/jdk.internal.reflect.DelegatingMethodAccessorImpl.invoke(DelegatingMethodAccessorImpl.java:43)
at java.base/java.lang.reflect.Method.invoke(Method.java:568)
at org.openqa.selenium.support.events.EventFiringWebDriver.lambda$new$0(EventFiringWebDriver.java:85)
at jdk.proxy2/jdk.proxy2.$Proxy16.onException(Unknown Source)
at org.openqa.selenium.support.events.EventFiringWebDriver.lambda$new$1(EventFiringWebDriver.java:109)
at jdk.proxy2/jdk.proxy2.$Proxy17.getScreenshotAs(Unknown Source)
at org.openqa.selenium.support.events.EventFiringWebDriver.getScreenshotAs(EventFiringWebDriver.java:301)
at utility.TestUtil.takeScreenshotAtEndOfTest(TestUtil.java:30)
at utility.WebEventListener.onException(WebEventListener.java:76)
at jdk.internal.reflect.GeneratedMethodAccessor9.invoke(Unknown Source)
at java.base/jdk.internal.reflect.DelegatingMethodAccessorImpl.invoke(DelegatingMethodAccessorImpl.java:43)
at java.base/java.lang.reflect.Method.invoke(Method.java:568)
at org.openqa.selenium.support.events.EventFiringWebDriver.lambda$new$0(EventFiringWebDriver.java:85)
at jdk.proxy2/jdk.proxy2.$Proxy16.onException(Unknown Source)
at org.openqa.selenium.support.events.EventFiringWebDriver.lambda$new$1(EventFiringWebDriver.java:109)
at jdk.proxy2/jdk.proxy2.$Proxy17.getScreenshotAs(Unknown Source)
at org.openqa.selenium.support.events.EventFiringWebDriver.getScreenshotAs(EventFiringWebDriver.java:301)
at utility.TestUtil.takeScreenshotAtEndOfTest(TestUtil.java:30)
at utility.WebEventListener.onException(WebEventListener.java:76)
at jdk.internal.reflect.GeneratedMethodAccessor9.invoke(Unknown Source)
at java.base/jdk.internal.reflect.DelegatingMethodAccessorImpl.invoke(DelegatingMethodAccessorImpl.java:43)
at java.base/java.lang.reflect.Method.invoke(Method.java:568)
at org.openqa.selenium.support.events.EventFiringWebDriver.lambda$new$0(EventFiringWebDriver.java:85)
at jdk.proxy2/jdk.proxy2.$Proxy16.onException(Unknown Source)
at org.openqa.selenium.support.events.EventFiringWebDriver.lambda$new$1(EventFiringWebDriver.java:109)
at jdk.proxy2/jdk.proxy2.$Proxy17.getScreenshotAs(Unknown Source)
at org.openqa.selenium.support.events.EventFiringWebDriver.getScreenshotAs(EventFiringWebDriver.java:301)
at utility.TestUtil.takeScreenshotAtEndOfTest(TestUtil.java:30)
at utility.WebEventListener.onException(WebEventListener.java:76)
at jdk.internal.reflect.GeneratedMethodAccessor9.invoke(Unknown Source)
at java.base/jdk.internal.reflect.DelegatingMethodAccessorImpl.invoke(DelegatingMethodAccessorImpl.java:43)
at java.base/java.lang.reflect.Method.invoke(Method.java:568)
at org.openqa.selenium.support.events.EventFiringWebDriver.lambda$new$0(EventFiringWebDriver.java:85)
at jdk.proxy2/jdk.proxy2.$Proxy16.onException(Unknown Source)
at org.openqa.selenium.support.events.EventFiringWebDriver.lambda$new$1(EventFiringWebDriver.java:109)
at jdk.proxy2/jdk.proxy2.$Proxy17.getScreenshotAs(Unknown Source)
at org.openqa.selenium.support.events.EventFiringWebDriver.getScreenshotAs(EventFiringWebDriver.java:301)
at utility.TestUtil.takeScreenshotAtEndOfTest(TestUtil.java:30)
at utility.WebEventListener.onException(WebEventListener.java:76)
at jdk.internal.reflect.GeneratedMethodAccessor9.invoke(Unknown Source)
at java.base/jdk.internal.reflect.DelegatingMethodAccessorImpl.invoke(DelegatingMethodAccessorImpl.java:43)
at java.base/java.lang.reflect.Method.invoke(Method.java:568)
at org.openqa.selenium.support.events.EventFiringWebDriver.lambda$new$0(EventFiringWebDriver.java:85)
at jdk.proxy2/jdk.proxy2.$Proxy16.onException(Unknown Source)
at org.openqa.selenium.support.events.EventFiringWebDriver.lambda$new$1(EventFiringWebDriver.java:109)
at jdk.proxy2/jdk.proxy2.$Proxy17.getScreenshotAs(Unknown Source)
at org.openqa.selenium.support.events.EventFiringWebDriver.getScreenshotAs(EventFiringWebDriver.java:301)
at utility.TestUtil.takeScreenshotAtEndOfTest(TestUtil.java:30)
at utility.WebEventListener.onException(WebEventListener.java:76)
at jdk.internal.reflect.GeneratedMethodAccessor9.invoke(Unknown Source)
at java.base/jdk.internal.reflect.DelegatingMethodAccessorImpl.invoke(DelegatingMethodAccessorImpl.java:43)
at java.base/java.lang.reflect.Method.invoke(Method.java:568)
at org.openqa.selenium.support.events.EventFiringWebDriver.lambda$new$0(EventFiringWebDriver.java:85)
at jdk.proxy2/jdk.proxy2.$Proxy16.onException(Unknown Source)
at org.openqa.selenium.support.events.EventFiringWebDriver.lambda$new$1(EventFiringWebDriver.java:109)
at jdk.proxy2/jdk.proxy2.$Proxy17.getScreenshotAs(Unknown Source)
at org.openqa.selenium.support.events.EventFiringWebDriver.getScreenshotAs(EventFiringWebDriver.java:301)
at utility.TestUtil.takeScreenshotAtEndOfTest(TestUtil.java:30)
]]>
            </full-stacktrace>
          </exception> <!-- java.lang.StackOverflowError -->
          <reporter-output>
          </reporter-output>
        </test-method> <!-- teardown2 -->
        <test-method is-config="true" signature="teardown()[pri:0, instance:test.AddToCarttest@4d0d9fe7]" started-at="2024-07-11T19:38:43 IST" name="teardown" finished-at="2024-07-11T19:38:43 IST" duration-ms="0" status="SKIP">
          <reporter-output>
          </reporter-output>
        </test-method> <!-- teardown -->
      </class> <!-- test.AddToCarttest -->
    </test> <!-- Regression -->
  </suite> <!-- Testing Sauce Labs -->
</testng-results>
